<?xml version="1.0" encoding="UTF-8"?>
<!-- Generated by org.testng.reporters.JUnitReportReporter -->
<testsuite skipped="3" hostname="primas-MacBook-Air.local" name="com.crm.qa.testcases.LoginPageTest" tests="4" failures="0" timestamp="2022-06-10T13:00:50 EDT" time="0.003" errors="1">
  <testcase name="setUp" time="0.003" classname="com.crm.qa.testcases.LoginPageTest">
    <error type="java.lang.StackOverflowError">
      <![CDATA[java.lang.StackOverflowError
at com.crm.qa.testcases.LoginPageTest.setUp(LoginPageTest.java:31)
at com.crm.qa.testcases.LoginPageTest.setUp(LoginPageTest.java:31)
at com.crm.qa.testcases.LoginPageTest.setUp(LoginPageTest.java:31)
at com.crm.qa.testcases.LoginPageTest.setUp(LoginPageTest.java:31)
at com.crm.qa.testcases.LoginPageTest.setUp(LoginPageTest.java:31)
at com.crm.qa.testcases.LoginPageTest.setUp(LoginPageTest.java:31)
at com.crm.qa.testcases.LoginPageTest.setUp(LoginPageTest.java:31)
at com.crm.qa.testcases.LoginPageTest.setUp(LoginPageTest.java:31)
at com.crm.qa.testcases.LoginPageTest.setUp(LoginPageTest.java:31)
at com.crm.qa.testcases.LoginPageTest.setUp(LoginPageTest.java:31)
at com.crm.qa.testcases.LoginPageTest.setUp(LoginPageTest.java:31)
at com.crm.qa.testcases.LoginPageTest.setUp(LoginPageTest.java:31)
at com.crm.qa.testcases.LoginPageTest.setUp(LoginPageTest.java:31)
at com.crm.qa.testcases.LoginPageTest.setUp(LoginPageTest.java:31)
at com.crm.qa.testcases.LoginPageTest.setUp(LoginPageTest.java:31)
at com.crm.qa.testcases.LoginPageTest.setUp(LoginPageTest.java:31)
at com.crm.qa.testcases.LoginPageTest.setUp(LoginPageTest.java:31)
at com.crm.qa.testcases.LoginPageTest.setUp(LoginPageTest.java:31)
at com.crm.qa.testcases.LoginPageTest.setUp(LoginPageTest.java:31)
at com.crm.qa.testcases.LoginPageTest.setUp(LoginPageTest.java:31)
at com.crm.qa.testcases.LoginPageTest.setUp(LoginPageTest.java:31)
at com.crm.qa.testcases.LoginPageTest.setUp(LoginPageTest.java:31)
at com.crm.qa.testcases.LoginPageTest.setUp(LoginPageTest.java:31)
at com.crm.qa.testcases.LoginPageTest.setUp(LoginPageTest.java:31)
at com.crm.qa.testcases.LoginPageTest.setUp(LoginPageTest.java:31)
at com.crm.qa.testcases.LoginPageTest.setUp(LoginPageTest.java:31)
at com.crm.qa.testcases.LoginPageTest.setUp(LoginPageTest.java:31)
at com.crm.qa.testcases.LoginPageTest.setUp(LoginPageTest.java:31)
at com.crm.qa.testcases.LoginPageTest.setUp(LoginPageTest.java:31)
at com.crm.qa.testcases.LoginPageTest.setUp(LoginPageTest.java:31)
at com.crm.qa.testcases.LoginPageTest.setUp(LoginPageTest.java:31)
at com.crm.qa.testcases.LoginPageTest.setUp(LoginPageTest.java:31)
at com.crm.qa.testcases.LoginPageTest.setUp(LoginPageTest.java:31)
at com.crm.qa.testcases.LoginPageTest.setUp(LoginPageTest.java:31)
at com.crm.qa.testcases.LoginPageTest.setUp(LoginPageTest.java:31)
at com.crm.qa.testcases.LoginPageTest.setUp(LoginPageTest.java:31)
at com.crm.qa.testcases.LoginPageTest.setUp(LoginPageTest.java:31)
at com.crm.qa.testcases.LoginPageTest.setUp(LoginPageTest.java:31)
at com.crm.qa.testcases.LoginPageTest.setUp(LoginPageTest.java:31)
at com.crm.qa.testcases.LoginPageTest.setUp(LoginPageTest.java:31)
at com.crm.qa.testcases.LoginPageTest.setUp(LoginPageTest.java:31)
at com.crm.qa.testcases.LoginPageTest.setUp(LoginPageTest.java:31)
at com.crm.qa.testcases.LoginPageTest.setUp(LoginPageTest.java:31)
at com.crm.qa.testcases.LoginPageTest.setUp(LoginPageTest.java:31)
at com.crm.qa.testcases.LoginPageTest.setUp(LoginPageTest.java:31)
at com.crm.qa.testcases.LoginPageTest.setUp(LoginPageTest.java:31)
at com.crm.qa.testcases.LoginPageTest.setUp(LoginPageTest.java:31)
at com.crm.qa.testcases.LoginPageTest.setUp(LoginPageTest.java:31)
at com.crm.qa.testcases.LoginPageTest.setUp(LoginPageTest.java:31)
at com.crm.qa.testcases.LoginPageTest.setUp(LoginPageTest.java:31)
at com.crm.qa.testcases.LoginPageTest.setUp(LoginPageTest.java:31)
at com.crm.qa.testcases.LoginPageTest.setUp(LoginPageTest.java:31)
at com.crm.qa.testcases.LoginPageTest.setUp(LoginPageTest.java:31)
at com.crm.qa.testcases.LoginPageTest.setUp(LoginPageTest.java:31)
at com.crm.qa.testcases.LoginPageTest.setUp(LoginPageTest.java:31)
at com.crm.qa.testcases.LoginPageTest.setUp(LoginPageTest.java:31)
at com.crm.qa.testcases.LoginPageTest.setUp(LoginPageTest.java:31)
at com.crm.qa.testcases.LoginPageTest.setUp(LoginPageTest.java:31)
at com.crm.qa.testcases.LoginPageTest.setUp(LoginPageTest.java:31)
at com.crm.qa.testcases.LoginPageTest.setUp(LoginPageTest.java:31)
at com.crm.qa.testcases.LoginPageTest.setUp(LoginPageTest.java:31)
at com.crm.qa.testcases.LoginPageTest.setUp(LoginPageTest.java:31)
at com.crm.qa.testcases.LoginPageTest.setUp(LoginPageTest.java:31)
at com.crm.qa.testcases.LoginPageTest.setUp(LoginPageTest.java:31)
at com.crm.qa.testcases.LoginPageTest.setUp(LoginPageTest.java:31)
at com.crm.qa.testcases.LoginPageTest.setUp(LoginPageTest.java:31)
at com.crm.qa.testcases.LoginPageTest.setUp(LoginPageTest.java:31)
at com.crm.qa.testcases.LoginPageTest.setUp(LoginPageTest.java:31)
at com.crm.qa.testcases.LoginPageTest.setUp(LoginPageTest.java:31)
at com.crm.qa.testcases.LoginPageTest.setUp(LoginPageTest.java:31)
at com.crm.qa.testcases.LoginPageTest.setUp(LoginPageTest.java:31)
at com.crm.qa.testcases.LoginPageTest.setUp(LoginPageTest.java:31)
at com.crm.qa.testcases.LoginPageTest.setUp(LoginPageTest.java:31)
at com.crm.qa.testcases.LoginPageTest.setUp(LoginPageTest.java:31)
at com.crm.qa.testcases.LoginPageTest.setUp(LoginPageTest.java:31)
at com.crm.qa.testcases.LoginPageTest.setUp(LoginPageTest.java:31)
at com.crm.qa.testcases.LoginPageTest.setUp(LoginPageTest.java:31)
at com.crm.qa.testcases.LoginPageTest.setUp(LoginPageTest.java:31)
at com.crm.qa.testcases.LoginPageTest.setUp(LoginPageTest.java:31)
at com.crm.qa.testcases.LoginPageTest.setUp(LoginPageTest.java:31)
at com.crm.qa.testcases.LoginPageTest.setUp(LoginPageTest.java:31)
at com.crm.qa.testcases.LoginPageTest.setUp(LoginPageTest.java:31)
at com.crm.qa.testcases.LoginPageTest.setUp(LoginPageTest.java:31)
at com.crm.qa.testcases.LoginPageTest.setUp(LoginPageTest.java:31)
at com.crm.qa.testcases.LoginPageTest.setUp(LoginPageTest.java:31)
at com.crm.qa.testcases.LoginPageTest.setUp(LoginPageTest.java:31)
at com.crm.qa.testcases.LoginPageTest.setUp(LoginPageTest.java:31)
at com.crm.qa.testcases.LoginPageTest.setUp(LoginPageTest.java:31)
at com.crm.qa.testcases.LoginPageTest.setUp(LoginPageTest.java:31)
at com.crm.qa.testcases.LoginPageTest.setUp(LoginPageTest.java:31)
at com.crm.qa.testcases.LoginPageTest.setUp(LoginPageTest.java:31)
at com.crm.qa.testcases.LoginPageTest.setUp(LoginPageTest.java:31)
at com.crm.qa.testcases.LoginPageTest.setUp(LoginPageTest.java:31)
at com.crm.qa.testcases.LoginPageTest.setUp(LoginPageTest.java:31)
at com.crm.qa.testcases.LoginPageTest.setUp(LoginPageTest.java:31)
at com.crm.qa.testcases.LoginPageTest.setUp(LoginPageTest.java:31)
at com.crm.qa.testcases.LoginPageTest.setUp(LoginPageTest.java:31)
at com.crm.qa.testcases.LoginPageTest.setUp(LoginPageTest.java:31)
at com.crm.qa.testcases.LoginPageTest.setUp(LoginPageTest.java:31)
at com.crm.qa.testcases.LoginPageTest.setUp(LoginPageTest.java:31)
at com.crm.qa.testcases.LoginPageTest.setUp(LoginPageTest.java:31)
at com.crm.qa.testcases.LoginPageTest.setUp(LoginPageTest.java:31)
at com.crm.qa.testcases.LoginPageTest.setUp(LoginPageTest.java:31)
at com.crm.qa.testcases.LoginPageTest.setUp(LoginPageTest.java:31)
at com.crm.qa.testcases.LoginPageTest.setUp(LoginPageTest.java:31)
at com.crm.qa.testcases.LoginPageTest.setUp(LoginPageTest.java:31)
at com.crm.qa.testcases.LoginPageTest.setUp(LoginPageTest.java:31)
at com.crm.qa.testcases.LoginPageTest.setUp(LoginPageTest.java:31)
at com.crm.qa.testcases.LoginPageTest.setUp(LoginPageTest.java:31)
at com.crm.qa.testcases.LoginPageTest.setUp(LoginPageTest.java:31)
at com.crm.qa.testcases.LoginPageTest.setUp(LoginPageTest.java:31)
at com.crm.qa.testcases.LoginPageTest.setUp(LoginPageTest.java:31)
at com.crm.qa.testcases.LoginPageTest.setUp(LoginPageTest.java:31)
at com.crm.qa.testcases.LoginPageTest.setUp(LoginPageTest.java:31)
at com.crm.qa.testcases.LoginPageTest.setUp(LoginPageTest.java:31)
at com.crm.qa.testcases.LoginPageTest.setUp(LoginPageTest.java:31)
at com.crm.qa.testcases.LoginPageTest.setUp(LoginPageTest.java:31)
at com.crm.qa.testcases.LoginPageTest.setUp(LoginPageTest.java:31)
at com.crm.qa.testcases.LoginPageTest.setUp(LoginPageTest.java:31)
at com.crm.qa.testcases.LoginPageTest.setUp(LoginPageTest.java:31)
at com.crm.qa.testcases.LoginPageTest.setUp(LoginPageTest.java:31)
at com.crm.qa.testcases.LoginPageTest.setUp(LoginPageTest.java:31)
at com.crm.qa.testcases.LoginPageTest.setUp(LoginPageTest.java:31)
at com.crm.qa.testcases.LoginPageTest.setUp(LoginPageTest.java:31)
at com.crm.qa.testcases.LoginPageTest.setUp(LoginPageTest.java:31)
at com.crm.qa.testcases.LoginPageTest.setUp(LoginPageTest.java:31)
at com.crm.qa.testcases.LoginPageTest.setUp(LoginPageTest.java:31)
at com.crm.qa.testcases.LoginPageTest.setUp(LoginPageTest.java:31)
at com.crm.qa.testcases.LoginPageTest.setUp(LoginPageTest.java:31)
at com.crm.qa.testcases.LoginPageTest.setUp(LoginPageTest.java:31)
at com.crm.qa.testcases.LoginPageTest.setUp(LoginPageTest.java:31)
at com.crm.qa.testcases.LoginPageTest.setUp(LoginPageTest.java:31)
at com.crm.qa.testcases.LoginPageTest.setUp(LoginPageTest.java:31)
at com.crm.qa.testcases.LoginPageTest.setUp(LoginPageTest.java:31)
at com.crm.qa.testcases.LoginPageTest.setUp(LoginPageTest.java:31)
at com.crm.qa.testcases.LoginPageTest.setUp(LoginPageTest.java:31)
at com.crm.qa.testcases.LoginPageTest.setUp(LoginPageTest.java:31)
at com.crm.qa.testcases.LoginPageTest.setUp(LoginPageTest.java:31)
at com.crm.qa.testcases.LoginPageTest.setUp(LoginPageTest.java:31)
at com.crm.qa.testcases.LoginPageTest.setUp(LoginPageTest.java:31)
at com.crm.qa.testcases.LoginPageTest.setUp(LoginPageTest.java:31)
at com.crm.qa.testcases.LoginPageTest.setUp(LoginPageTest.java:31)
at com.crm.qa.testcases.LoginPageTest.setUp(LoginPageTest.java:31)
at com.crm.qa.testcases.LoginPageTest.setUp(LoginPageTest.java:31)
at com.crm.qa.testcases.LoginPageTest.setUp(LoginPageTest.java:31)
at com.crm.qa.testcases.LoginPageTest.setUp(LoginPageTest.java:31)
at com.crm.qa.testcases.LoginPageTest.setUp(LoginPageTest.java:31)
at com.crm.qa.testcases.LoginPageTest.setUp(LoginPageTest.java:31)
at com.crm.qa.testcases.LoginPageTest.setUp(LoginPageTest.java:31)
at com.crm.qa.testcases.LoginPageTest.setUp(LoginPageTest.java:31)
at com.crm.qa.testcases.LoginPageTest.setUp(LoginPageTest.java:31)
at com.crm.qa.testcases.LoginPageTest.setUp(LoginPageTest.java:31)
at com.crm.qa.testcases.LoginPageTest.setUp(LoginPageTest.java:31)
at com.crm.qa.testcases.LoginPageTest.setUp(LoginPageTest.java:31)
at com.crm.qa.testcases.LoginPageTest.setUp(LoginPageTest.java:31)
at com.crm.qa.testcases.LoginPageTest.setUp(LoginPageTest.java:31)
at com.crm.qa.testcases.LoginPageTest.setUp(LoginPageTest.java:31)
at com.crm.qa.testcases.LoginPageTest.setUp(LoginPageTest.java:31)
at com.crm.qa.testcases.LoginPageTest.setUp(LoginPageTest.java:31)
at com.crm.qa.testcases.LoginPageTest.setUp(LoginPageTest.java:31)
at com.crm.qa.testcases.LoginPageTest.setUp(LoginPageTest.java:31)
at com.crm.qa.testcases.LoginPageTest.setUp(LoginPageTest.java:31)
at com.crm.qa.testcases.LoginPageTest.setUp(LoginPageTest.java:31)
at com.crm.qa.testcases.LoginPageTest.setUp(LoginPageTest.java:31)
at com.crm.qa.testcases.LoginPageTest.setUp(LoginPageTest.java:31)
at com.crm.qa.testcases.LoginPageTest.setUp(LoginPageTest.java:31)
at com.crm.qa.testcases.LoginPageTest.setUp(LoginPageTest.java:31)
at com.crm.qa.testcases.LoginPageTest.setUp(LoginPageTest.java:31)
at com.crm.qa.testcases.LoginPageTest.setUp(LoginPageTest.java:31)
at com.crm.qa.testcases.LoginPageTest.setUp(LoginPageTest.java:31)
at com.crm.qa.testcases.LoginPageTest.setUp(LoginPageTest.java:31)
at com.crm.qa.testcases.LoginPageTest.setUp(LoginPageTest.java:31)
at com.crm.qa.testcases.LoginPageTest.setUp(LoginPageTest.java:31)
at com.crm.qa.testcases.LoginPageTest.setUp(LoginPageTest.java:31)
at com.crm.qa.testcases.LoginPageTest.setUp(LoginPageTest.java:31)
at com.crm.qa.testcases.LoginPageTest.setUp(LoginPageTest.java:31)
at com.crm.qa.testcases.LoginPageTest.setUp(LoginPageTest.java:31)
at com.crm.qa.testcases.LoginPageTest.setUp(LoginPageTest.java:31)
at com.crm.qa.testcases.LoginPageTest.setUp(LoginPageTest.java:31)
at com.crm.qa.testcases.LoginPageTest.setUp(LoginPageTest.java:31)
at com.crm.qa.testcases.LoginPageTest.setUp(LoginPageTest.java:31)
at com.crm.qa.testcases.LoginPageTest.setUp(LoginPageTest.java:31)
at com.crm.qa.testcases.LoginPageTest.setUp(LoginPageTest.java:31)
at com.crm.qa.testcases.LoginPageTest.setUp(LoginPageTest.java:31)
at com.crm.qa.testcases.LoginPageTest.setUp(LoginPageTest.java:31)
at com.crm.qa.testcases.LoginPageTest.setUp(LoginPageTest.java:31)
at com.crm.qa.testcases.LoginPageTest.setUp(LoginPageTest.java:31)
at com.crm.qa.testcases.LoginPageTest.setUp(LoginPageTest.java:31)
at com.crm.qa.testcases.LoginPageTest.setUp(LoginPageTest.java:31)
at com.crm.qa.testcases.LoginPageTest.setUp(LoginPageTest.java:31)
at com.crm.qa.testcases.LoginPageTest.setUp(LoginPageTest.java:31)
at com.crm.qa.testcases.LoginPageTest.setUp(LoginPageTest.java:31)
at com.crm.qa.testcases.LoginPageTest.setUp(LoginPageTest.java:31)
at com.crm.qa.testcases.LoginPageTest.setUp(LoginPageTest.java:31)
at com.crm.qa.testcases.LoginPageTest.setUp(LoginPageTest.java:31)
at com.crm.qa.testcases.LoginPageTest.setUp(LoginPageTest.java:31)
at com.crm.qa.testcases.LoginPageTest.setUp(LoginPageTest.java:31)
at com.crm.qa.testcases.LoginPageTest.setUp(LoginPageTest.java:31)
at com.crm.qa.testcases.LoginPageTest.setUp(LoginPageTest.java:31)
at com.crm.qa.testcases.LoginPageTest.setUp(LoginPageTest.java:31)
at com.crm.qa.testcases.LoginPageTest.setUp(LoginPageTest.java:31)
at com.crm.qa.testcases.LoginPageTest.setUp(LoginPageTest.java:31)
at com.crm.qa.testcases.LoginPageTest.setUp(LoginPageTest.java:31)
at com.crm.qa.testcases.LoginPageTest.setUp(LoginPageTest.java:31)
at com.crm.qa.testcases.LoginPageTest.setUp(LoginPageTest.java:31)
at com.crm.qa.testcases.LoginPageTest.setUp(LoginPageTest.java:31)
at com.crm.qa.testcases.LoginPageTest.setUp(LoginPageTest.java:31)
at com.crm.qa.testcases.LoginPageTest.setUp(LoginPageTest.java:31)
at com.crm.qa.testcases.LoginPageTest.setUp(LoginPageTest.java:31)
at com.crm.qa.testcases.LoginPageTest.setUp(LoginPageTest.java:31)
at com.crm.qa.testcases.LoginPageTest.setUp(LoginPageTest.java:31)
at com.crm.qa.testcases.LoginPageTest.setUp(LoginPageTest.java:31)
at com.crm.qa.testcases.LoginPageTest.setUp(LoginPageTest.java:31)
at com.crm.qa.testcases.LoginPageTest.setUp(LoginPageTest.java:31)
at com.crm.qa.testcases.LoginPageTest.setUp(LoginPageTest.java:31)
at com.crm.qa.testcases.LoginPageTest.setUp(LoginPageTest.java:31)
at com.crm.qa.testcases.LoginPageTest.setUp(LoginPageTest.java:31)
at com.crm.qa.testcases.LoginPageTest.setUp(LoginPageTest.java:31)
at com.crm.qa.testcases.LoginPageTest.setUp(LoginPageTest.java:31)
at com.crm.qa.testcases.LoginPageTest.setUp(LoginPageTest.java:31)
at com.crm.qa.testcases.LoginPageTest.setUp(LoginPageTest.java:31)
at com.crm.qa.testcases.LoginPageTest.setUp(LoginPageTest.java:31)
at com.crm.qa.testcases.LoginPageTest.setUp(LoginPageTest.java:31)
at com.crm.qa.testcases.LoginPageTest.setUp(LoginPageTest.java:31)
at com.crm.qa.testcases.LoginPageTest.setUp(LoginPageTest.java:31)
at com.crm.qa.testcases.LoginPageTest.setUp(LoginPageTest.java:31)
at com.crm.qa.testcases.LoginPageTest.setUp(LoginPageTest.java:31)
at com.crm.qa.testcases.LoginPageTest.setUp(LoginPageTest.java:31)
at com.crm.qa.testcases.LoginPageTest.setUp(LoginPageTest.java:31)
at com.crm.qa.testcases.LoginPageTest.setUp(LoginPageTest.java:31)
at com.crm.qa.testcases.LoginPageTest.setUp(LoginPageTest.java:31)
at com.crm.qa.testcases.LoginPageTest.setUp(LoginPageTest.java:31)
at com.crm.qa.testcases.LoginPageTest.setUp(LoginPageTest.java:31)
at com.crm.qa.testcases.LoginPageTest.setUp(LoginPageTest.java:31)
at com.crm.qa.testcases.LoginPageTest.setUp(LoginPageTest.java:31)
at com.crm.qa.testcases.LoginPageTest.setUp(LoginPageTest.java:31)
at com.crm.qa.testcases.LoginPageTest.setUp(LoginPageTest.java:31)
at com.crm.qa.testcases.LoginPageTest.setUp(LoginPageTest.java:31)
at com.crm.qa.testcases.LoginPageTest.setUp(LoginPageTest.java:31)
at com.crm.qa.testcases.LoginPageTest.setUp(LoginPageTest.java:31)
at com.crm.qa.testcases.LoginPageTest.setUp(LoginPageTest.java:31)
at com.crm.qa.testcases.LoginPageTest.setUp(LoginPageTest.java:31)
at com.crm.qa.testcases.LoginPageTest.setUp(LoginPageTest.java:31)
at com.crm.qa.testcases.LoginPageTest.setUp(LoginPageTest.java:31)
at com.crm.qa.testcases.LoginPageTest.setUp(LoginPageTest.java:31)
at com.crm.qa.testcases.LoginPageTest.setUp(LoginPageTest.java:31)
at com.crm.qa.testcases.LoginPageTest.setUp(LoginPageTest.java:31)
at com.crm.qa.testcases.LoginPageTest.setUp(LoginPageTest.java:31)
at com.crm.qa.testcases.LoginPageTest.setUp(LoginPageTest.java:31)
at com.crm.qa.testcases.LoginPageTest.setUp(LoginPageTest.java:31)
at com.crm.qa.testcases.LoginPageTest.setUp(LoginPageTest.java:31)
at com.crm.qa.testcases.LoginPageTest.setUp(LoginPageTest.java:31)
at com.crm.qa.testcases.LoginPageTest.setUp(LoginPageTest.java:31)
at com.crm.qa.testcases.LoginPageTest.setUp(LoginPageTest.java:31)
at com.crm.qa.testcases.LoginPageTest.setUp(LoginPageTest.java:31)
at com.crm.qa.testcases.LoginPageTest.setUp(LoginPageTest.java:31)
at com.crm.qa.testcases.LoginPageTest.setUp(LoginPageTest.java:31)
at com.crm.qa.testcases.LoginPageTest.setUp(LoginPageTest.java:31)
at com.crm.qa.testcases.LoginPageTest.setUp(LoginPageTest.java:31)
at com.crm.qa.testcases.LoginPageTest.setUp(LoginPageTest.java:31)
at com.crm.qa.testcases.LoginPageTest.setUp(LoginPageTest.java:31)
at com.crm.qa.testcases.LoginPageTest.setUp(LoginPageTest.java:31)
at com.crm.qa.testcases.LoginPageTest.setUp(LoginPageTest.java:31)
at com.crm.qa.testcases.LoginPageTest.setUp(LoginPageTest.java:31)
at com.crm.qa.testcases.LoginPageTest.setUp(LoginPageTest.java:31)
at com.crm.qa.testcases.LoginPageTest.setUp(LoginPageTest.java:31)
at com.crm.qa.testcases.LoginPageTest.setUp(LoginPageTest.java:31)
at com.crm.qa.testcases.LoginPageTest.setUp(LoginPageTest.java:31)
at com.crm.qa.testcases.LoginPageTest.setUp(LoginPageTest.java:31)
at com.crm.qa.testcases.LoginPageTest.setUp(LoginPageTest.java:31)
at com.crm.qa.testcases.LoginPageTest.setUp(LoginPageTest.java:31)
at com.crm.qa.testcases.LoginPageTest.setUp(LoginPageTest.java:31)
at com.crm.qa.testcases.LoginPageTest.setUp(LoginPageTest.java:31)
at com.crm.qa.testcases.LoginPageTest.setUp(LoginPageTest.java:31)
at com.crm.qa.testcases.LoginPageTest.setUp(LoginPageTest.java:31)
at com.crm.qa.testcases.LoginPageTest.setUp(LoginPageTest.java:31)
at com.crm.qa.testcases.LoginPageTest.setUp(LoginPageTest.java:31)
at com.crm.qa.testcases.LoginPageTest.setUp(LoginPageTest.java:31)
at com.crm.qa.testcases.LoginPageTest.setUp(LoginPageTest.java:31)
at com.crm.qa.testcases.LoginPageTest.setUp(LoginPageTest.java:31)
at com.crm.qa.testcases.LoginPageTest.setUp(LoginPageTest.java:31)
at com.crm.qa.testcases.LoginPageTest.setUp(LoginPageTest.java:31)
at com.crm.qa.testcases.LoginPageTest.setUp(LoginPageTest.java:31)
at com.crm.qa.testcases.LoginPageTest.setUp(LoginPageTest.java:31)
at com.crm.qa.testcases.LoginPageTest.setUp(LoginPageTest.java:31)
at com.crm.qa.testcases.LoginPageTest.setUp(LoginPageTest.java:31)
at com.crm.qa.testcases.LoginPageTest.setUp(LoginPageTest.java:31)
at com.crm.qa.testcases.LoginPageTest.setUp(LoginPageTest.java:31)
at com.crm.qa.testcases.LoginPageTest.setUp(LoginPageTest.java:31)
at com.crm.qa.testcases.LoginPageTest.setUp(LoginPageTest.java:31)
at com.crm.qa.testcases.LoginPageTest.setUp(LoginPageTest.java:31)
at com.crm.qa.testcases.LoginPageTest.setUp(LoginPageTest.java:31)
at com.crm.qa.testcases.LoginPageTest.setUp(LoginPageTest.java:31)
at com.crm.qa.testcases.LoginPageTest.setUp(LoginPageTest.java:31)
at com.crm.qa.testcases.LoginPageTest.setUp(LoginPageTest.java:31)
at com.crm.qa.testcases.LoginPageTest.setUp(LoginPageTest.java:31)
at com.crm.qa.testcases.LoginPageTest.setUp(LoginPageTest.java:31)
at com.crm.qa.testcases.LoginPageTest.setUp(LoginPageTest.java:31)
at com.crm.qa.testcases.LoginPageTest.setUp(LoginPageTest.java:31)
at com.crm.qa.testcases.LoginPageTest.setUp(LoginPageTest.java:31)
at com.crm.qa.testcases.LoginPageTest.setUp(LoginPageTest.java:31)
at com.crm.qa.testcases.LoginPageTest.setUp(LoginPageTest.java:31)
at com.crm.qa.testcases.LoginPageTest.setUp(LoginPageTest.java:31)
at com.crm.qa.testcases.LoginPageTest.setUp(LoginPageTest.java:31)
at com.crm.qa.testcases.LoginPageTest.setUp(LoginPageTest.java:31)
at com.crm.qa.testcases.LoginPageTest.setUp(LoginPageTest.java:31)
at com.crm.qa.testcases.LoginPageTest.setUp(LoginPageTest.java:31)
at com.crm.qa.testcases.LoginPageTest.setUp(LoginPageTest.java:31)
at com.crm.qa.testcases.LoginPageTest.setUp(LoginPageTest.java:31)
at com.crm.qa.testcases.LoginPageTest.setUp(LoginPageTest.java:31)
at com.crm.qa.testcases.LoginPageTest.setUp(LoginPageTest.java:31)
at com.crm.qa.testcases.LoginPageTest.setUp(LoginPageTest.java:31)
at com.crm.qa.testcases.LoginPageTest.setUp(LoginPageTest.java:31)
at com.crm.qa.testcases.LoginPageTest.setUp(LoginPageTest.java:31)
at com.crm.qa.testcases.LoginPageTest.setUp(LoginPageTest.java:31)
at com.crm.qa.testcases.LoginPageTest.setUp(LoginPageTest.java:31)
at com.crm.qa.testcases.LoginPageTest.setUp(LoginPageTest.java:31)
at com.crm.qa.testcases.LoginPageTest.setUp(LoginPageTest.java:31)
at com.crm.qa.testcases.LoginPageTest.setUp(LoginPageTest.java:31)
at com.crm.qa.testcases.LoginPageTest.setUp(LoginPageTest.java:31)
at com.crm.qa.testcases.LoginPageTest.setUp(LoginPageTest.java:31)
at com.crm.qa.testcases.LoginPageTest.setUp(LoginPageTest.java:31)
at com.crm.qa.testcases.LoginPageTest.setUp(LoginPageTest.java:31)
at com.crm.qa.testcases.LoginPageTest.setUp(LoginPageTest.java:31)
at com.crm.qa.testcases.LoginPageTest.setUp(LoginPageTest.java:31)
at com.crm.qa.testcases.LoginPageTest.setUp(LoginPageTest.java:31)
at com.crm.qa.testcases.LoginPageTest.setUp(LoginPageTest.java:31)
at com.crm.qa.testcases.LoginPageTest.setUp(LoginPageTest.java:31)
at com.crm.qa.testcases.LoginPageTest.setUp(LoginPageTest.java:31)
at com.crm.qa.testcases.LoginPageTest.setUp(LoginPageTest.java:31)
at com.crm.qa.testcases.LoginPageTest.setUp(LoginPageTest.java:31)
at com.crm.qa.testcases.LoginPageTest.setUp(LoginPageTest.java:31)
at com.crm.qa.testcases.LoginPageTest.setUp(LoginPageTest.java:31)
at com.crm.qa.testcases.LoginPageTest.setUp(LoginPageTest.java:31)
at com.crm.qa.testcases.LoginPageTest.setUp(LoginPageTest.java:31)
at com.crm.qa.testcases.LoginPageTest.setUp(LoginPageTest.java:31)
at com.crm.qa.testcases.LoginPageTest.setUp(LoginPageTest.java:31)
at com.crm.qa.testcases.LoginPageTest.setUp(LoginPageTest.java:31)
at com.crm.qa.testcases.LoginPageTest.setUp(LoginPageTest.java:31)
at com.crm.qa.testcases.LoginPageTest.setUp(LoginPageTest.java:31)
at com.crm.qa.testcases.LoginPageTest.setUp(LoginPageTest.java:31)
at com.crm.qa.testcases.LoginPageTest.setUp(LoginPageTest.java:31)
at com.crm.qa.testcases.LoginPageTest.setUp(LoginPageTest.java:31)
at com.crm.qa.testcases.LoginPageTest.setUp(LoginPageTest.java:31)
at com.crm.qa.testcases.LoginPageTest.setUp(LoginPageTest.java:31)
at com.crm.qa.testcases.LoginPageTest.setUp(LoginPageTest.java:31)
at com.crm.qa.testcases.LoginPageTest.setUp(LoginPageTest.java:31)
at com.crm.qa.testcases.LoginPageTest.setUp(LoginPageTest.java:31)
at com.crm.qa.testcases.LoginPageTest.setUp(LoginPageTest.java:31)
at com.crm.qa.testcases.LoginPageTest.setUp(LoginPageTest.java:31)
at com.crm.qa.testcases.LoginPageTest.setUp(LoginPageTest.java:31)
at com.crm.qa.testcases.LoginPageTest.setUp(LoginPageTest.java:31)
at com.crm.qa.testcases.LoginPageTest.setUp(LoginPageTest.java:31)
at com.crm.qa.testcases.LoginPageTest.setUp(LoginPageTest.java:31)
at com.crm.qa.testcases.LoginPageTest.setUp(LoginPageTest.java:31)
at com.crm.qa.testcases.LoginPageTest.setUp(LoginPageTest.java:31)
at com.crm.qa.testcases.LoginPageTest.setUp(LoginPageTest.java:31)
at com.crm.qa.testcases.LoginPageTest.setUp(LoginPageTest.java:31)
at com.crm.qa.testcases.LoginPageTest.setUp(LoginPageTest.java:31)
at com.crm.qa.testcases.LoginPageTest.setUp(LoginPageTest.java:31)
at com.crm.qa.testcases.LoginPageTest.setUp(LoginPageTest.java:31)
at com.crm.qa.testcases.LoginPageTest.setUp(LoginPageTest.java:31)
at com.crm.qa.testcases.LoginPageTest.setUp(LoginPageTest.java:31)
at com.crm.qa.testcases.LoginPageTest.setUp(LoginPageTest.java:31)
at com.crm.qa.testcases.LoginPageTest.setUp(LoginPageTest.java:31)
at com.crm.qa.testcases.LoginPageTest.setUp(LoginPageTest.java:31)
at com.crm.qa.testcases.LoginPageTest.setUp(LoginPageTest.java:31)
at com.crm.qa.testcases.LoginPageTest.setUp(LoginPageTest.java:31)
at com.crm.qa.testcases.LoginPageTest.setUp(LoginPageTest.java:31)
at com.crm.qa.testcases.LoginPageTest.setUp(LoginPageTest.java:31)
at com.crm.qa.testcases.LoginPageTest.setUp(LoginPageTest.java:31)
at com.crm.qa.testcases.LoginPageTest.setUp(LoginPageTest.java:31)
at com.crm.qa.testcases.LoginPageTest.setUp(LoginPageTest.java:31)
at com.crm.qa.testcases.LoginPageTest.setUp(LoginPageTest.java:31)
at com.crm.qa.testcases.LoginPageTest.setUp(LoginPageTest.java:31)
at com.crm.qa.testcases.LoginPageTest.setUp(LoginPageTest.java:31)
at com.crm.qa.testcases.LoginPageTest.setUp(LoginPageTest.java:31)
at com.crm.qa.testcases.LoginPageTest.setUp(LoginPageTest.java:31)
at com.crm.qa.testcases.LoginPageTest.setUp(LoginPageTest.java:31)
at com.crm.qa.testcases.LoginPageTest.setUp(LoginPageTest.java:31)
at com.crm.qa.testcases.LoginPageTest.setUp(LoginPageTest.java:31)
at com.crm.qa.testcases.LoginPageTest.setUp(LoginPageTest.java:31)
at com.crm.qa.testcases.LoginPageTest.setUp(LoginPageTest.java:31)
at com.crm.qa.testcases.LoginPageTest.setUp(LoginPageTest.java:31)
at com.crm.qa.testcases.LoginPageTest.setUp(LoginPageTest.java:31)
at com.crm.qa.testcases.LoginPageTest.setUp(LoginPageTest.java:31)
at com.crm.qa.testcases.LoginPageTest.setUp(LoginPageTest.java:31)
at com.crm.qa.testcases.LoginPageTest.setUp(LoginPageTest.java:31)
at com.crm.qa.testcases.LoginPageTest.setUp(LoginPageTest.java:31)
at com.crm.qa.testcases.LoginPageTest.setUp(LoginPageTest.java:31)
at com.crm.qa.testcases.LoginPageTest.setUp(LoginPageTest.java:31)
at com.crm.qa.testcases.LoginPageTest.setUp(LoginPageTest.java:31)
at com.crm.qa.testcases.LoginPageTest.setUp(LoginPageTest.java:31)
at com.crm.qa.testcases.LoginPageTest.setUp(LoginPageTest.java:31)
at com.crm.qa.testcases.LoginPageTest.setUp(LoginPageTest.java:31)
at com.crm.qa.testcases.LoginPageTest.setUp(LoginPageTest.java:31)
at com.crm.qa.testcases.LoginPageTest.setUp(LoginPageTest.java:31)
at com.crm.qa.testcases.LoginPageTest.setUp(LoginPageTest.java:31)
at com.crm.qa.testcases.LoginPageTest.setUp(LoginPageTest.java:31)
at com.crm.qa.testcases.LoginPageTest.setUp(LoginPageTest.java:31)
at com.crm.qa.testcases.LoginPageTest.setUp(LoginPageTest.java:31)
at com.crm.qa.testcases.LoginPageTest.setUp(LoginPageTest.java:31)
at com.crm.qa.testcases.LoginPageTest.setUp(LoginPageTest.java:31)
at com.crm.qa.testcases.LoginPageTest.setUp(LoginPageTest.java:31)
at com.crm.qa.testcases.LoginPageTest.setUp(LoginPageTest.java:31)
at com.crm.qa.testcases.LoginPageTest.setUp(LoginPageTest.java:31)
at com.crm.qa.testcases.LoginPageTest.setUp(LoginPageTest.java:31)
at com.crm.qa.testcases.LoginPageTest.setUp(LoginPageTest.java:31)
at com.crm.qa.testcases.LoginPageTest.setUp(LoginPageTest.java:31)
at com.crm.qa.testcases.LoginPageTest.setUp(LoginPageTest.java:31)
at com.crm.qa.testcases.LoginPageTest.setUp(LoginPageTest.java:31)
at com.crm.qa.testcases.LoginPageTest.setUp(LoginPageTest.java:31)
at com.crm.qa.testcases.LoginPageTest.setUp(LoginPageTest.java:31)
at com.crm.qa.testcases.LoginPageTest.setUp(LoginPageTest.java:31)
at com.crm.qa.testcases.LoginPageTest.setUp(LoginPageTest.java:31)
at com.crm.qa.testcases.LoginPageTest.setUp(LoginPageTest.java:31)
at com.crm.qa.testcases.LoginPageTest.setUp(LoginPageTest.java:31)
at com.crm.qa.testcases.LoginPageTest.setUp(LoginPageTest.java:31)
at com.crm.qa.testcases.LoginPageTest.setUp(LoginPageTest.java:31)
at com.crm.qa.testcases.LoginPageTest.setUp(LoginPageTest.java:31)
at com.crm.qa.testcases.LoginPageTest.setUp(LoginPageTest.java:31)
at com.crm.qa.testcases.LoginPageTest.setUp(LoginPageTest.java:31)
at com.crm.qa.testcases.LoginPageTest.setUp(LoginPageTest.java:31)
at com.crm.qa.testcases.LoginPageTest.setUp(LoginPageTest.java:31)
at com.crm.qa.testcases.LoginPageTest.setUp(LoginPageTest.java:31)
at com.crm.qa.testcases.LoginPageTest.setUp(LoginPageTest.java:31)
at com.crm.qa.testcases.LoginPageTest.setUp(LoginPageTest.java:31)
at com.crm.qa.testcases.LoginPageTest.setUp(LoginPageTest.java:31)
at com.crm.qa.testcases.LoginPageTest.setUp(LoginPageTest.java:31)
at com.crm.qa.testcases.LoginPageTest.setUp(LoginPageTest.java:31)
at com.crm.qa.testcases.LoginPageTest.setUp(LoginPageTest.java:31)
at com.crm.qa.testcases.LoginPageTest.setUp(LoginPageTest.java:31)
at com.crm.qa.testcases.LoginPageTest.setUp(LoginPageTest.java:31)
at com.crm.qa.testcases.LoginPageTest.setUp(LoginPageTest.java:31)
at com.crm.qa.testcases.LoginPageTest.setUp(LoginPageTest.java:31)
at com.crm.qa.testcases.LoginPageTest.setUp(LoginPageTest.java:31)
at com.crm.qa.testcases.LoginPageTest.setUp(LoginPageTest.java:31)
at com.crm.qa.testcases.LoginPageTest.setUp(LoginPageTest.java:31)
at com.crm.qa.testcases.LoginPageTest.setUp(LoginPageTest.java:31)
at com.crm.qa.testcases.LoginPageTest.setUp(LoginPageTest.java:31)
at com.crm.qa.testcases.LoginPageTest.setUp(LoginPageTest.java:31)
at com.crm.qa.testcases.LoginPageTest.setUp(LoginPageTest.java:31)
at com.crm.qa.testcases.LoginPageTest.setUp(LoginPageTest.java:31)
at com.crm.qa.testcases.LoginPageTest.setUp(LoginPageTest.java:31)
at com.crm.qa.testcases.LoginPageTest.setUp(LoginPageTest.java:31)
at com.crm.qa.testcases.LoginPageTest.setUp(LoginPageTest.java:31)
at com.crm.qa.testcases.LoginPageTest.setUp(LoginPageTest.java:31)
at com.crm.qa.testcases.LoginPageTest.setUp(LoginPageTest.java:31)
at com.crm.qa.testcases.LoginPageTest.setUp(LoginPageTest.java:31)
at com.crm.qa.testcases.LoginPageTest.setUp(LoginPageTest.java:31)
at com.crm.qa.testcases.LoginPageTest.setUp(LoginPageTest.java:31)
at com.crm.qa.testcases.LoginPageTest.setUp(LoginPageTest.java:31)
at com.crm.qa.testcases.LoginPageTest.setUp(LoginPageTest.java:31)
at com.crm.qa.testcases.LoginPageTest.setUp(LoginPageTest.java:31)
at com.crm.qa.testcases.LoginPageTest.setUp(LoginPageTest.java:31)
at com.crm.qa.testcases.LoginPageTest.setUp(LoginPageTest.java:31)
at com.crm.qa.testcases.LoginPageTest.setUp(LoginPageTest.java:31)
at com.crm.qa.testcases.LoginPageTest.setUp(LoginPageTest.java:31)
at com.crm.qa.testcases.LoginPageTest.setUp(LoginPageTest.java:31)
at com.crm.qa.testcases.LoginPageTest.setUp(LoginPageTest.java:31)
at com.crm.qa.testcases.LoginPageTest.setUp(LoginPageTest.java:31)
at com.crm.qa.testcases.LoginPageTest.setUp(LoginPageTest.java:31)
at com.crm.qa.testcases.LoginPageTest.setUp(LoginPageTest.java:31)
at com.crm.qa.testcases.LoginPageTest.setUp(LoginPageTest.java:31)
at com.crm.qa.testcases.LoginPageTest.setUp(LoginPageTest.java:31)
at com.crm.qa.testcases.LoginPageTest.setUp(LoginPageTest.java:31)
at com.crm.qa.testcases.LoginPageTest.setUp(LoginPageTest.java:31)
at com.crm.qa.testcases.LoginPageTest.setUp(LoginPageTest.java:31)
at com.crm.qa.testcases.LoginPageTest.setUp(LoginPageTest.java:31)
at com.crm.qa.testcases.LoginPageTest.setUp(LoginPageTest.java:31)
at com.crm.qa.testcases.LoginPageTest.setUp(LoginPageTest.java:31)
at com.crm.qa.testcases.LoginPageTest.setUp(LoginPageTest.java:31)
at com.crm.qa.testcases.LoginPageTest.setUp(LoginPageTest.java:31)
at com.crm.qa.testcases.LoginPageTest.setUp(LoginPageTest.java:31)
at com.crm.qa.testcases.LoginPageTest.setUp(LoginPageTest.java:31)
at com.crm.qa.testcases.LoginPageTest.setUp(LoginPageTest.java:31)
at com.crm.qa.testcases.LoginPageTest.setUp(LoginPageTest.java:31)
at com.crm.qa.testcases.LoginPageTest.setUp(LoginPageTest.java:31)
at com.crm.qa.testcases.LoginPageTest.setUp(LoginPageTest.java:31)
at com.crm.qa.testcases.LoginPageTest.setUp(LoginPageTest.java:31)
at com.crm.qa.testcases.LoginPageTest.setUp(LoginPageTest.java:31)
at com.crm.qa.testcases.LoginPageTest.setUp(LoginPageTest.java:31)
at com.crm.qa.testcases.LoginPageTest.setUp(LoginPageTest.java:31)
at com.crm.qa.testcases.LoginPageTest.setUp(LoginPageTest.java:31)
at com.crm.qa.testcases.LoginPageTest.setUp(LoginPageTest.java:31)
at com.crm.qa.testcases.LoginPageTest.setUp(LoginPageTest.java:31)
at com.crm.qa.testcases.LoginPageTest.setUp(LoginPageTest.java:31)
at com.crm.qa.testcases.LoginPageTest.setUp(LoginPageTest.java:31)
at com.crm.qa.testcases.LoginPageTest.setUp(LoginPageTest.java:31)
at com.crm.qa.testcases.LoginPageTest.setUp(LoginPageTest.java:31)
at com.crm.qa.testcases.LoginPageTest.setUp(LoginPageTest.java:31)
at com.crm.qa.testcases.LoginPageTest.setUp(LoginPageTest.java:31)
at com.crm.qa.testcases.LoginPageTest.setUp(LoginPageTest.java:31)
at com.crm.qa.testcases.LoginPageTest.setUp(LoginPageTest.java:31)
at com.crm.qa.testcases.LoginPageTest.setUp(LoginPageTest.java:31)
at com.crm.qa.testcases.LoginPageTest.setUp(LoginPageTest.java:31)
at com.crm.qa.testcases.LoginPageTest.setUp(LoginPageTest.java:31)
at com.crm.qa.testcases.LoginPageTest.setUp(LoginPageTest.java:31)
at com.crm.qa.testcases.LoginPageTest.setUp(LoginPageTest.java:31)
at com.crm.qa.testcases.LoginPageTest.setUp(LoginPageTest.java:31)
at com.crm.qa.testcases.LoginPageTest.setUp(LoginPageTest.java:31)
at com.crm.qa.testcases.LoginPageTest.setUp(LoginPageTest.java:31)
at com.crm.qa.testcases.LoginPageTest.setUp(LoginPageTest.java:31)
at com.crm.qa.testcases.LoginPageTest.setUp(LoginPageTest.java:31)
at com.crm.qa.testcases.LoginPageTest.setUp(LoginPageTest.java:31)
at com.crm.qa.testcases.LoginPageTest.setUp(LoginPageTest.java:31)
at com.crm.qa.testcases.LoginPageTest.setUp(LoginPageTest.java:31)
at com.crm.qa.testcases.LoginPageTest.setUp(LoginPageTest.java:31)
at com.crm.qa.testcases.LoginPageTest.setUp(LoginPageTest.java:31)
at com.crm.qa.testcases.LoginPageTest.setUp(LoginPageTest.java:31)
at com.crm.qa.testcases.LoginPageTest.setUp(LoginPageTest.java:31)
at com.crm.qa.testcases.LoginPageTest.setUp(LoginPageTest.java:31)
at com.crm.qa.testcases.LoginPageTest.setUp(LoginPageTest.java:31)
at com.crm.qa.testcases.LoginPageTest.setUp(LoginPageTest.java:31)
at com.crm.qa.testcases.LoginPageTest.setUp(LoginPageTest.java:31)
at com.crm.qa.testcases.LoginPageTest.setUp(LoginPageTest.java:31)
at com.crm.qa.testcases.LoginPageTest.setUp(LoginPageTest.java:31)
at com.crm.qa.testcases.LoginPageTest.setUp(LoginPageTest.java:31)
at com.crm.qa.testcases.LoginPageTest.setUp(LoginPageTest.java:31)
at com.crm.qa.testcases.LoginPageTest.setUp(LoginPageTest.java:31)
at com.crm.qa.testcases.LoginPageTest.setUp(LoginPageTest.java:31)
at com.crm.qa.testcases.LoginPageTest.setUp(LoginPageTest.java:31)
at com.crm.qa.testcases.LoginPageTest.setUp(LoginPageTest.java:31)
at com.crm.qa.testcases.LoginPageTest.setUp(LoginPageTest.java:31)
at com.crm.qa.testcases.LoginPageTest.setUp(LoginPageTest.java:31)
at com.crm.qa.testcases.LoginPageTest.setUp(LoginPageTest.java:31)
at com.crm.qa.testcases.LoginPageTest.setUp(LoginPageTest.java:31)
at com.crm.qa.testcases.LoginPageTest.setUp(LoginPageTest.java:31)
at com.crm.qa.testcases.LoginPageTest.setUp(LoginPageTest.java:31)
at com.crm.qa.testcases.LoginPageTest.setUp(LoginPageTest.java:31)
at com.crm.qa.testcases.LoginPageTest.setUp(LoginPageTest.java:31)
at com.crm.qa.testcases.LoginPageTest.setUp(LoginPageTest.java:31)
at com.crm.qa.testcases.LoginPageTest.setUp(LoginPageTest.java:31)
at com.crm.qa.testcases.LoginPageTest.setUp(LoginPageTest.java:31)
at com.crm.qa.testcases.LoginPageTest.setUp(LoginPageTest.java:31)
at com.crm.qa.testcases.LoginPageTest.setUp(LoginPageTest.java:31)
at com.crm.qa.testcases.LoginPageTest.setUp(LoginPageTest.java:31)
at com.crm.qa.testcases.LoginPageTest.setUp(LoginPageTest.java:31)
at com.crm.qa.testcases.LoginPageTest.setUp(LoginPageTest.java:31)
at com.crm.qa.testcases.LoginPageTest.setUp(LoginPageTest.java:31)
at com.crm.qa.testcases.LoginPageTest.setUp(LoginPageTest.java:31)
at com.crm.qa.testcases.LoginPageTest.setUp(LoginPageTest.java:31)
at com.crm.qa.testcases.LoginPageTest.setUp(LoginPageTest.java:31)
at com.crm.qa.testcases.LoginPageTest.setUp(LoginPageTest.java:31)
at com.crm.qa.testcases.LoginPageTest.setUp(LoginPageTest.java:31)
at com.crm.qa.testcases.LoginPageTest.setUp(LoginPageTest.java:31)
at com.crm.qa.testcases.LoginPageTest.setUp(LoginPageTest.java:31)
at com.crm.qa.testcases.LoginPageTest.setUp(LoginPageTest.java:31)
at com.crm.qa.testcases.LoginPageTest.setUp(LoginPageTest.java:31)
at com.crm.qa.testcases.LoginPageTest.setUp(LoginPageTest.java:31)
at com.crm.qa.testcases.LoginPageTest.setUp(LoginPageTest.java:31)
at com.crm.qa.testcases.LoginPageTest.setUp(LoginPageTest.java:31)
at com.crm.qa.testcases.LoginPageTest.setUp(LoginPageTest.java:31)
at com.crm.qa.testcases.LoginPageTest.setUp(LoginPageTest.java:31)
at com.crm.qa.testcases.LoginPageTest.setUp(LoginPageTest.java:31)
at com.crm.qa.testcases.LoginPageTest.setUp(LoginPageTest.java:31)
at com.crm.qa.testcases.LoginPageTest.setUp(LoginPageTest.java:31)
at com.crm.qa.testcases.LoginPageTest.setUp(LoginPageTest.java:31)
at com.crm.qa.testcases.LoginPageTest.setUp(LoginPageTest.java:31)
at com.crm.qa.testcases.LoginPageTest.setUp(LoginPageTest.java:31)
at com.crm.qa.testcases.LoginPageTest.setUp(LoginPageTest.java:31)
at com.crm.qa.testcases.LoginPageTest.setUp(LoginPageTest.java:31)
at com.crm.qa.testcases.LoginPageTest.setUp(LoginPageTest.java:31)
at com.crm.qa.testcases.LoginPageTest.setUp(LoginPageTest.java:31)
at com.crm.qa.testcases.LoginPageTest.setUp(LoginPageTest.java:31)
at com.crm.qa.testcases.LoginPageTest.setUp(LoginPageTest.java:31)
at com.crm.qa.testcases.LoginPageTest.setUp(LoginPageTest.java:31)
at com.crm.qa.testcases.LoginPageTest.setUp(LoginPageTest.java:31)
at com.crm.qa.testcases.LoginPageTest.setUp(LoginPageTest.java:31)
at com.crm.qa.testcases.LoginPageTest.setUp(LoginPageTest.java:31)
at com.crm.qa.testcases.LoginPageTest.setUp(LoginPageTest.java:31)
at com.crm.qa.testcases.LoginPageTest.setUp(LoginPageTest.java:31)
at com.crm.qa.testcases.LoginPageTest.setUp(LoginPageTest.java:31)
at com.crm.qa.testcases.LoginPageTest.setUp(LoginPageTest.java:31)
at com.crm.qa.testcases.LoginPageTest.setUp(LoginPageTest.java:31)
at com.crm.qa.testcases.LoginPageTest.setUp(LoginPageTest.java:31)
at com.crm.qa.testcases.LoginPageTest.setUp(LoginPageTest.java:31)
at com.crm.qa.testcases.LoginPageTest.setUp(LoginPageTest.java:31)
at com.crm.qa.testcases.LoginPageTest.setUp(LoginPageTest.java:31)
at com.crm.qa.testcases.LoginPageTest.setUp(LoginPageTest.java:31)
at com.crm.qa.testcases.LoginPageTest.setUp(LoginPageTest.java:31)
at com.crm.qa.testcases.LoginPageTest.setUp(LoginPageTest.java:31)
at com.crm.qa.testcases.LoginPageTest.setUp(LoginPageTest.java:31)
at com.crm.qa.testcases.LoginPageTest.setUp(LoginPageTest.java:31)
at com.crm.qa.testcases.LoginPageTest.setUp(LoginPageTest.java:31)
at com.crm.qa.testcases.LoginPageTest.setUp(LoginPageTest.java:31)
at com.crm.qa.testcases.LoginPageTest.setUp(LoginPageTest.java:31)
at com.crm.qa.testcases.LoginPageTest.setUp(LoginPageTest.java:31)
at com.crm.qa.testcases.LoginPageTest.setUp(LoginPageTest.java:31)
at com.crm.qa.testcases.LoginPageTest.setUp(LoginPageTest.java:31)
at com.crm.qa.testcases.LoginPageTest.setUp(LoginPageTest.java:31)
at com.crm.qa.testcases.LoginPageTest.setUp(LoginPageTest.java:31)
at com.crm.qa.testcases.LoginPageTest.setUp(LoginPageTest.java:31)
at com.crm.qa.testcases.LoginPageTest.setUp(LoginPageTest.java:31)
at com.crm.qa.testcases.LoginPageTest.setUp(LoginPageTest.java:31)
at com.crm.qa.testcases.LoginPageTest.setUp(LoginPageTest.java:31)
at com.crm.qa.testcases.LoginPageTest.setUp(LoginPageTest.java:31)
at com.crm.qa.testcases.LoginPageTest.setUp(LoginPageTest.java:31)
at com.crm.qa.testcases.LoginPageTest.setUp(LoginPageTest.java:31)
at com.crm.qa.testcases.LoginPageTest.setUp(LoginPageTest.java:31)
at com.crm.qa.testcases.LoginPageTest.setUp(LoginPageTest.java:31)
at com.crm.qa.testcases.LoginPageTest.setUp(LoginPageTest.java:31)
at com.crm.qa.testcases.LoginPageTest.setUp(LoginPageTest.java:31)
at com.crm.qa.testcases.LoginPageTest.setUp(LoginPageTest.java:31)
at com.crm.qa.testcases.LoginPageTest.setUp(LoginPageTest.java:31)
at com.crm.qa.testcases.LoginPageTest.setUp(LoginPageTest.java:31)
at com.crm.qa.testcases.LoginPageTest.setUp(LoginPageTest.java:31)
at com.crm.qa.testcases.LoginPageTest.setUp(LoginPageTest.java:31)
at com.crm.qa.testcases.LoginPageTest.setUp(LoginPageTest.java:31)
at com.crm.qa.testcases.LoginPageTest.setUp(LoginPageTest.java:31)
at com.crm.qa.testcases.LoginPageTest.setUp(LoginPageTest.java:31)
at com.crm.qa.testcases.LoginPageTest.setUp(LoginPageTest.java:31)
at com.crm.qa.testcases.LoginPageTest.setUp(LoginPageTest.java:31)
at com.crm.qa.testcases.LoginPageTest.setUp(LoginPageTest.java:31)
at com.crm.qa.testcases.LoginPageTest.setUp(LoginPageTest.java:31)
at com.crm.qa.testcases.LoginPageTest.setUp(LoginPageTest.java:31)
at com.crm.qa.testcases.LoginPageTest.setUp(LoginPageTest.java:31)
at com.crm.qa.testcases.LoginPageTest.setUp(LoginPageTest.java:31)
at com.crm.qa.testcases.LoginPageTest.setUp(LoginPageTest.java:31)
at com.crm.qa.testcases.LoginPageTest.setUp(LoginPageTest.java:31)
at com.crm.qa.testcases.LoginPageTest.setUp(LoginPageTest.java:31)
at com.crm.qa.testcases.LoginPageTest.setUp(LoginPageTest.java:31)
at com.crm.qa.testcases.LoginPageTest.setUp(LoginPageTest.java:31)
at com.crm.qa.testcases.LoginPageTest.setUp(LoginPageTest.java:31)
at com.crm.qa.testcases.LoginPageTest.setUp(LoginPageTest.java:31)
at com.crm.qa.testcases.LoginPageTest.setUp(LoginPageTest.java:31)
at com.crm.qa.testcases.LoginPageTest.setUp(LoginPageTest.java:31)
at com.crm.qa.testcases.LoginPageTest.setUp(LoginPageTest.java:31)
at com.crm.qa.testcases.LoginPageTest.setUp(LoginPageTest.java:31)
at com.crm.qa.testcases.LoginPageTest.setUp(LoginPageTest.java:31)
at com.crm.qa.testcases.LoginPageTest.setUp(LoginPageTest.java:31)
at com.crm.qa.testcases.LoginPageTest.setUp(LoginPageTest.java:31)
at com.crm.qa.testcases.LoginPageTest.setUp(LoginPageTest.java:31)
at com.crm.qa.testcases.LoginPageTest.setUp(LoginPageTest.java:31)
at com.crm.qa.testcases.LoginPageTest.setUp(LoginPageTest.java:31)
at com.crm.qa.testcases.LoginPageTest.setUp(LoginPageTest.java:31)
at com.crm.qa.testcases.LoginPageTest.setUp(LoginPageTest.java:31)
at com.crm.qa.testcases.LoginPageTest.setUp(LoginPageTest.java:31)
at com.crm.qa.testcases.LoginPageTest.setUp(LoginPageTest.java:31)
at com.crm.qa.testcases.LoginPageTest.setUp(LoginPageTest.java:31)
at com.crm.qa.testcases.LoginPageTest.setUp(LoginPageTest.java:31)
at com.crm.qa.testcases.LoginPageTest.setUp(LoginPageTest.java:31)
at com.crm.qa.testcases.LoginPageTest.setUp(LoginPageTest.java:31)
at com.crm.qa.testcases.LoginPageTest.setUp(LoginPageTest.java:31)
at com.crm.qa.testcases.LoginPageTest.setUp(LoginPageTest.java:31)
at com.crm.qa.testcases.LoginPageTest.setUp(LoginPageTest.java:31)
at com.crm.qa.testcases.LoginPageTest.setUp(LoginPageTest.java:31)
at com.crm.qa.testcases.LoginPageTest.setUp(LoginPageTest.java:31)
at com.crm.qa.testcases.LoginPageTest.setUp(LoginPageTest.java:31)
at com.crm.qa.testcases.LoginPageTest.setUp(LoginPageTest.java:31)
at com.crm.qa.testcases.LoginPageTest.setUp(LoginPageTest.java:31)
at com.crm.qa.testcases.LoginPageTest.setUp(LoginPageTest.java:31)
at com.crm.qa.testcases.LoginPageTest.setUp(LoginPageTest.java:31)
at com.crm.qa.testcases.LoginPageTest.setUp(LoginPageTest.java:31)
at com.crm.qa.testcases.LoginPageTest.setUp(LoginPageTest.java:31)
at com.crm.qa.testcases.LoginPageTest.setUp(LoginPageTest.java:31)
at com.crm.qa.testcases.LoginPageTest.setUp(LoginPageTest.java:31)
at com.crm.qa.testcases.LoginPageTest.setUp(LoginPageTest.java:31)
at com.crm.qa.testcases.LoginPageTest.setUp(LoginPageTest.java:31)
at com.crm.qa.testcases.LoginPageTest.setUp(LoginPageTest.java:31)
at com.crm.qa.testcases.LoginPageTest.setUp(LoginPageTest.java:31)
at com.crm.qa.testcases.LoginPageTest.setUp(LoginPageTest.java:31)
at com.crm.qa.testcases.LoginPageTest.setUp(LoginPageTest.java:31)
at com.crm.qa.testcases.LoginPageTest.setUp(LoginPageTest.java:31)
at com.crm.qa.testcases.LoginPageTest.setUp(LoginPageTest.java:31)
at com.crm.qa.testcases.LoginPageTest.setUp(LoginPageTest.java:31)
at com.crm.qa.testcases.LoginPageTest.setUp(LoginPageTest.java:31)
at com.crm.qa.testcases.LoginPageTest.setUp(LoginPageTest.java:31)
at com.crm.qa.testcases.LoginPageTest.setUp(LoginPageTest.java:31)
at com.crm.qa.testcases.LoginPageTest.setUp(LoginPageTest.java:31)
at com.crm.qa.testcases.LoginPageTest.setUp(LoginPageTest.java:31)
at com.crm.qa.testcases.LoginPageTest.setUp(LoginPageTest.java:31)
at com.crm.qa.testcases.LoginPageTest.setUp(LoginPageTest.java:31)
at com.crm.qa.testcases.LoginPageTest.setUp(LoginPageTest.java:31)
at com.crm.qa.testcases.LoginPageTest.setUp(LoginPageTest.java:31)
at com.crm.qa.testcases.LoginPageTest.setUp(LoginPageTest.java:31)
at com.crm.qa.testcases.LoginPageTest.setUp(LoginPageTest.java:31)
at com.crm.qa.testcases.LoginPageTest.setUp(LoginPageTest.java:31)
at com.crm.qa.testcases.LoginPageTest.setUp(LoginPageTest.java:31)
at com.crm.qa.testcases.LoginPageTest.setUp(LoginPageTest.java:31)
at com.crm.qa.testcases.LoginPageTest.setUp(LoginPageTest.java:31)
at com.crm.qa.testcases.LoginPageTest.setUp(LoginPageTest.java:31)
at com.crm.qa.testcases.LoginPageTest.setUp(LoginPageTest.java:31)
at com.crm.qa.testcases.LoginPageTest.setUp(LoginPageTest.java:31)
at com.crm.qa.testcases.LoginPageTest.setUp(LoginPageTest.java:31)
at com.crm.qa.testcases.LoginPageTest.setUp(LoginPageTest.java:31)
at com.crm.qa.testcases.LoginPageTest.setUp(LoginPageTest.java:31)
at com.crm.qa.testcases.LoginPageTest.setUp(LoginPageTest.java:31)
at com.crm.qa.testcases.LoginPageTest.setUp(LoginPageTest.java:31)
at com.crm.qa.testcases.LoginPageTest.setUp(LoginPageTest.java:31)
at com.crm.qa.testcases.LoginPageTest.setUp(LoginPageTest.java:31)
at com.crm.qa.testcases.LoginPageTest.setUp(LoginPageTest.java:31)
at com.crm.qa.testcases.LoginPageTest.setUp(LoginPageTest.java:31)
at com.crm.qa.testcases.LoginPageTest.setUp(LoginPageTest.java:31)
at com.crm.qa.testcases.LoginPageTest.setUp(LoginPageTest.java:31)
at com.crm.qa.testcases.LoginPageTest.setUp(LoginPageTest.java:31)
at com.crm.qa.testcases.LoginPageTest.setUp(LoginPageTest.java:31)
at com.crm.qa.testcases.LoginPageTest.setUp(LoginPageTest.java:31)
at com.crm.qa.testcases.LoginPageTest.setUp(LoginPageTest.java:31)
at com.crm.qa.testcases.LoginPageTest.setUp(LoginPageTest.java:31)
at com.crm.qa.testcases.LoginPageTest.setUp(LoginPageTest.java:31)
at com.crm.qa.testcases.LoginPageTest.setUp(LoginPageTest.java:31)
at com.crm.qa.testcases.LoginPageTest.setUp(LoginPageTest.java:31)
at com.crm.qa.testcases.LoginPageTest.setUp(LoginPageTest.java:31)
at com.crm.qa.testcases.LoginPageTest.setUp(LoginPageTest.java:31)
at com.crm.qa.testcases.LoginPageTest.setUp(LoginPageTest.java:31)
at com.crm.qa.testcases.LoginPageTest.setUp(LoginPageTest.java:31)
at com.crm.qa.testcases.LoginPageTest.setUp(LoginPageTest.java:31)
at com.crm.qa.testcases.LoginPageTest.setUp(LoginPageTest.java:31)
at com.crm.qa.testcases.LoginPageTest.setUp(LoginPageTest.java:31)
at com.crm.qa.testcases.LoginPageTest.setUp(LoginPageTest.java:31)
at com.crm.qa.testcases.LoginPageTest.setUp(LoginPageTest.java:31)
at com.crm.qa.testcases.LoginPageTest.setUp(LoginPageTest.java:31)
at com.crm.qa.testcases.LoginPageTest.setUp(LoginPageTest.java:31)
at com.crm.qa.testcases.LoginPageTest.setUp(LoginPageTest.java:31)
at com.crm.qa.testcases.LoginPageTest.setUp(LoginPageTest.java:31)
at com.crm.qa.testcases.LoginPageTest.setUp(LoginPageTest.java:31)
at com.crm.qa.testcases.LoginPageTest.setUp(LoginPageTest.java:31)
at com.crm.qa.testcases.LoginPageTest.setUp(LoginPageTest.java:31)
at com.crm.qa.testcases.LoginPageTest.setUp(LoginPageTest.java:31)
at com.crm.qa.testcases.LoginPageTest.setUp(LoginPageTest.java:31)
at com.crm.qa.testcases.LoginPageTest.setUp(LoginPageTest.java:31)
at com.crm.qa.testcases.LoginPageTest.setUp(LoginPageTest.java:31)
at com.crm.qa.testcases.LoginPageTest.setUp(LoginPageTest.java:31)
at com.crm.qa.testcases.LoginPageTest.setUp(LoginPageTest.java:31)
at com.crm.qa.testcases.LoginPageTest.setUp(LoginPageTest.java:31)
at com.crm.qa.testcases.LoginPageTest.setUp(LoginPageTest.java:31)
at com.crm.qa.testcases.LoginPageTest.setUp(LoginPageTest.java:31)
at com.crm.qa.testcases.LoginPageTest.setUp(LoginPageTest.java:31)
at com.crm.qa.testcases.LoginPageTest.setUp(LoginPageTest.java:31)
at com.crm.qa.testcases.LoginPageTest.setUp(LoginPageTest.java:31)
at com.crm.qa.testcases.LoginPageTest.setUp(LoginPageTest.java:31)
at com.crm.qa.testcases.LoginPageTest.setUp(LoginPageTest.java:31)
at com.crm.qa.testcases.LoginPageTest.setUp(LoginPageTest.java:31)
at com.crm.qa.testcases.LoginPageTest.setUp(LoginPageTest.java:31)
at com.crm.qa.testcases.LoginPageTest.setUp(LoginPageTest.java:31)
at com.crm.qa.testcases.LoginPageTest.setUp(LoginPageTest.java:31)
at com.crm.qa.testcases.LoginPageTest.setUp(LoginPageTest.java:31)
at com.crm.qa.testcases.LoginPageTest.setUp(LoginPageTest.java:31)
at com.crm.qa.testcases.LoginPageTest.setUp(LoginPageTest.java:31)
at com.crm.qa.testcases.LoginPageTest.setUp(LoginPageTest.java:31)
at com.crm.qa.testcases.LoginPageTest.setUp(LoginPageTest.java:31)
at com.crm.qa.testcases.LoginPageTest.setUp(LoginPageTest.java:31)
at com.crm.qa.testcases.LoginPageTest.setUp(LoginPageTest.java:31)
at com.crm.qa.testcases.LoginPageTest.setUp(LoginPageTest.java:31)
at com.crm.qa.testcases.LoginPageTest.setUp(LoginPageTest.java:31)
at com.crm.qa.testcases.LoginPageTest.setUp(LoginPageTest.java:31)
at com.crm.qa.testcases.LoginPageTest.setUp(LoginPageTest.java:31)
at com.crm.qa.testcases.LoginPageTest.setUp(LoginPageTest.java:31)
at com.crm.qa.testcases.LoginPageTest.setUp(LoginPageTest.java:31)
at com.crm.qa.testcases.LoginPageTest.setUp(LoginPageTest.java:31)
at com.crm.qa.testcases.LoginPageTest.setUp(LoginPageTest.java:31)
at com.crm.qa.testcases.LoginPageTest.setUp(LoginPageTest.java:31)
at com.crm.qa.testcases.LoginPageTest.setUp(LoginPageTest.java:31)
at com.crm.qa.testcases.LoginPageTest.setUp(LoginPageTest.java:31)
at com.crm.qa.testcases.LoginPageTest.setUp(LoginPageTest.java:31)
at com.crm.qa.testcases.LoginPageTest.setUp(LoginPageTest.java:31)
at com.crm.qa.testcases.LoginPageTest.setUp(LoginPageTest.java:31)
at com.crm.qa.testcases.LoginPageTest.setUp(LoginPageTest.java:31)
at com.crm.qa.testcases.LoginPageTest.setUp(LoginPageTest.java:31)
at com.crm.qa.testcases.LoginPageTest.setUp(LoginPageTest.java:31)
at com.crm.qa.testcases.LoginPageTest.setUp(LoginPageTest.java:31)
at com.crm.qa.testcases.LoginPageTest.setUp(LoginPageTest.java:31)
at com.crm.qa.testcases.LoginPageTest.setUp(LoginPageTest.java:31)
at com.crm.qa.testcases.LoginPageTest.setUp(LoginPageTest.java:31)
at com.crm.qa.testcases.LoginPageTest.setUp(LoginPageTest.java:31)
at com.crm.qa.testcases.LoginPageTest.setUp(LoginPageTest.java:31)
at com.crm.qa.testcases.LoginPageTest.setUp(LoginPageTest.java:31)
at com.crm.qa.testcases.LoginPageTest.setUp(LoginPageTest.java:31)
at com.crm.qa.testcases.LoginPageTest.setUp(LoginPageTest.java:31)
at com.crm.qa.testcases.LoginPageTest.setUp(LoginPageTest.java:31)
at com.crm.qa.testcases.LoginPageTest.setUp(LoginPageTest.java:31)
at com.crm.qa.testcases.LoginPageTest.setUp(LoginPageTest.java:31)
at com.crm.qa.testcases.LoginPageTest.setUp(LoginPageTest.java:31)
at com.crm.qa.testcases.LoginPageTest.setUp(LoginPageTest.java:31)
at com.crm.qa.testcases.LoginPageTest.setUp(LoginPageTest.java:31)
at com.crm.qa.testcases.LoginPageTest.setUp(LoginPageTest.java:31)
at com.crm.qa.testcases.LoginPageTest.setUp(LoginPageTest.java:31)
at com.crm.qa.testcases.LoginPageTest.setUp(LoginPageTest.java:31)
at com.crm.qa.testcases.LoginPageTest.setUp(LoginPageTest.java:31)
at com.crm.qa.testcases.LoginPageTest.setUp(LoginPageTest.java:31)
at com.crm.qa.testcases.LoginPageTest.setUp(LoginPageTest.java:31)
at com.crm.qa.testcases.LoginPageTest.setUp(LoginPageTest.java:31)
at com.crm.qa.testcases.LoginPageTest.setUp(LoginPageTest.java:31)
at com.crm.qa.testcases.LoginPageTest.setUp(LoginPageTest.java:31)
at com.crm.qa.testcases.LoginPageTest.setUp(LoginPageTest.java:31)
at com.crm.qa.testcases.LoginPageTest.setUp(LoginPageTest.java:31)
at com.crm.qa.testcases.LoginPageTest.setUp(LoginPageTest.java:31)
at com.crm.qa.testcases.LoginPageTest.setUp(LoginPageTest.java:31)
at com.crm.qa.testcases.LoginPageTest.setUp(LoginPageTest.java:31)
at com.crm.qa.testcases.LoginPageTest.setUp(LoginPageTest.java:31)
at com.crm.qa.testcases.LoginPageTest.setUp(LoginPageTest.java:31)
at com.crm.qa.testcases.LoginPageTest.setUp(LoginPageTest.java:31)
at com.crm.qa.testcases.LoginPageTest.setUp(LoginPageTest.java:31)
at com.crm.qa.testcases.LoginPageTest.setUp(LoginPageTest.java:31)
at com.crm.qa.testcases.LoginPageTest.setUp(LoginPageTest.java:31)
at com.crm.qa.testcases.LoginPageTest.setUp(LoginPageTest.java:31)
at com.crm.qa.testcases.LoginPageTest.setUp(LoginPageTest.java:31)
at com.crm.qa.testcases.LoginPageTest.setUp(LoginPageTest.java:31)
at com.crm.qa.testcases.LoginPageTest.setUp(LoginPageTest.java:31)
at com.crm.qa.testcases.LoginPageTest.setUp(LoginPageTest.java:31)
at com.crm.qa.testcases.LoginPageTest.setUp(LoginPageTest.java:31)
at com.crm.qa.testcases.LoginPageTest.setUp(LoginPageTest.java:31)
at com.crm.qa.testcases.LoginPageTest.setUp(LoginPageTest.java:31)
at com.crm.qa.testcases.LoginPageTest.setUp(LoginPageTest.java:31)
at com.crm.qa.testcases.LoginPageTest.setUp(LoginPageTest.java:31)
at com.crm.qa.testcases.LoginPageTest.setUp(LoginPageTest.java:31)
at com.crm.qa.testcases.LoginPageTest.setUp(LoginPageTest.java:31)
at com.crm.qa.testcases.LoginPageTest.setUp(LoginPageTest.java:31)
at com.crm.qa.testcases.LoginPageTest.setUp(LoginPageTest.java:31)
at com.crm.qa.testcases.LoginPageTest.setUp(LoginPageTest.java:31)
at com.crm.qa.testcases.LoginPageTest.setUp(LoginPageTest.java:31)
at com.crm.qa.testcases.LoginPageTest.setUp(LoginPageTest.java:31)
at com.crm.qa.testcases.LoginPageTest.setUp(LoginPageTest.java:31)
at com.crm.qa.testcases.LoginPageTest.setUp(LoginPageTest.java:31)
at com.crm.qa.testcases.LoginPageTest.setUp(LoginPageTest.java:31)
at com.crm.qa.testcases.LoginPageTest.setUp(LoginPageTest.java:31)
at com.crm.qa.testcases.LoginPageTest.setUp(LoginPageTest.java:31)
at com.crm.qa.testcases.LoginPageTest.setUp(LoginPageTest.java:31)
at com.crm.qa.testcases.LoginPageTest.setUp(LoginPageTest.java:31)
at com.crm.qa.testcases.LoginPageTest.setUp(LoginPageTest.java:31)
at com.crm.qa.testcases.LoginPageTest.setUp(LoginPageTest.java:31)
at com.crm.qa.testcases.LoginPageTest.setUp(LoginPageTest.java:31)
at com.crm.qa.testcases.LoginPageTest.setUp(LoginPageTest.java:31)
at com.crm.qa.testcases.LoginPageTest.setUp(LoginPageTest.java:31)
at com.crm.qa.testcases.LoginPageTest.setUp(LoginPageTest.java:31)
at com.crm.qa.testcases.LoginPageTest.setUp(LoginPageTest.java:31)
at com.crm.qa.testcases.LoginPageTest.setUp(LoginPageTest.java:31)
at com.crm.qa.testcases.LoginPageTest.setUp(LoginPageTest.java:31)
at com.crm.qa.testcases.LoginPageTest.setUp(LoginPageTest.java:31)
at com.crm.qa.testcases.LoginPageTest.setUp(LoginPageTest.java:31)
at com.crm.qa.testcases.LoginPageTest.setUp(LoginPageTest.java:31)
at com.crm.qa.testcases.LoginPageTest.setUp(LoginPageTest.java:31)
at com.crm.qa.testcases.LoginPageTest.setUp(LoginPageTest.java:31)
at com.crm.qa.testcases.LoginPageTest.setUp(LoginPageTest.java:31)
at com.crm.qa.testcases.LoginPageTest.setUp(LoginPageTest.java:31)
at com.crm.qa.testcases.LoginPageTest.setUp(LoginPageTest.java:31)
at com.crm.qa.testcases.LoginPageTest.setUp(LoginPageTest.java:31)
at com.crm.qa.testcases.LoginPageTest.setUp(LoginPageTest.java:31)
at com.crm.qa.testcases.LoginPageTest.setUp(LoginPageTest.java:31)
at com.crm.qa.testcases.LoginPageTest.setUp(LoginPageTest.java:31)
at com.crm.qa.testcases.LoginPageTest.setUp(LoginPageTest.java:31)
at com.crm.qa.testcases.LoginPageTest.setUp(LoginPageTest.java:31)
at com.crm.qa.testcases.LoginPageTest.setUp(LoginPageTest.java:31)
at com.crm.qa.testcases.LoginPageTest.setUp(LoginPageTest.java:31)
at com.crm.qa.testcases.LoginPageTest.setUp(LoginPageTest.java:31)
at com.crm.qa.testcases.LoginPageTest.setUp(LoginPageTest.java:31)
at com.crm.qa.testcases.LoginPageTest.setUp(LoginPageTest.java:31)
at com.crm.qa.testcases.LoginPageTest.setUp(LoginPageTest.java:31)
at com.crm.qa.testcases.LoginPageTest.setUp(LoginPageTest.java:31)
at com.crm.qa.testcases.LoginPageTest.setUp(LoginPageTest.java:31)
at com.crm.qa.testcases.LoginPageTest.setUp(LoginPageTest.java:31)
at com.crm.qa.testcases.LoginPageTest.setUp(LoginPageTest.java:31)
at com.crm.qa.testcases.LoginPageTest.setUp(LoginPageTest.java:31)
at com.crm.qa.testcases.LoginPageTest.setUp(LoginPageTest.java:31)
at com.crm.qa.testcases.LoginPageTest.setUp(LoginPageTest.java:31)
at com.crm.qa.testcases.LoginPageTest.setUp(LoginPageTest.java:31)
at com.crm.qa.testcases.LoginPageTest.setUp(LoginPageTest.java:31)
at com.crm.qa.testcases.LoginPageTest.setUp(LoginPageTest.java:31)
at com.crm.qa.testcases.LoginPageTest.setUp(LoginPageTest.java:31)
at com.crm.qa.testcases.LoginPageTest.setUp(LoginPageTest.java:31)
at com.crm.qa.testcases.LoginPageTest.setUp(LoginPageTest.java:31)
at com.crm.qa.testcases.LoginPageTest.setUp(LoginPageTest.java:31)
at com.crm.qa.testcases.LoginPageTest.setUp(LoginPageTest.java:31)
at com.crm.qa.testcases.LoginPageTest.setUp(LoginPageTest.java:31)
at com.crm.qa.testcases.LoginPageTest.setUp(LoginPageTest.java:31)
at com.crm.qa.testcases.LoginPageTest.setUp(LoginPageTest.java:31)
at com.crm.qa.testcases.LoginPageTest.setUp(LoginPageTest.java:31)
at com.crm.qa.testcases.LoginPageTest.setUp(LoginPageTest.java:31)
at com.crm.qa.testcases.LoginPageTest.setUp(LoginPageTest.java:31)
at com.crm.qa.testcases.LoginPageTest.setUp(LoginPageTest.java:31)
at com.crm.qa.testcases.LoginPageTest.setUp(LoginPageTest.java:31)
at com.crm.qa.testcases.LoginPageTest.setUp(LoginPageTest.java:31)
at com.crm.qa.testcases.LoginPageTest.setUp(LoginPageTest.java:31)
at com.crm.qa.testcases.LoginPageTest.setUp(LoginPageTest.java:31)
at com.crm.qa.testcases.LoginPageTest.setUp(LoginPageTest.java:31)
at com.crm.qa.testcases.LoginPageTest.setUp(LoginPageTest.java:31)
at com.crm.qa.testcases.LoginPageTest.setUp(LoginPageTest.java:31)
at com.crm.qa.testcases.LoginPageTest.setUp(LoginPageTest.java:31)
at com.crm.qa.testcases.LoginPageTest.setUp(LoginPageTest.java:31)
at com.crm.qa.testcases.LoginPageTest.setUp(LoginPageTest.java:31)
at com.crm.qa.testcases.LoginPageTest.setUp(LoginPageTest.java:31)
at com.crm.qa.testcases.LoginPageTest.setUp(LoginPageTest.java:31)
at com.crm.qa.testcases.LoginPageTest.setUp(LoginPageTest.java:31)
at com.crm.qa.testcases.LoginPageTest.setUp(LoginPageTest.java:31)
at com.crm.qa.testcases.LoginPageTest.setUp(LoginPageTest.java:31)
at com.crm.qa.testcases.LoginPageTest.setUp(LoginPageTest.java:31)
at com.crm.qa.testcases.LoginPageTest.setUp(LoginPageTest.java:31)
at com.crm.qa.testcases.LoginPageTest.setUp(LoginPageTest.java:31)
at com.crm.qa.testcases.LoginPageTest.setUp(LoginPageTest.java:31)
at com.crm.qa.testcases.LoginPageTest.setUp(LoginPageTest.java:31)
at com.crm.qa.testcases.LoginPageTest.setUp(LoginPageTest.java:31)
at com.crm.qa.testcases.LoginPageTest.setUp(LoginPageTest.java:31)
at com.crm.qa.testcases.LoginPageTest.setUp(LoginPageTest.java:31)
at com.crm.qa.testcases.LoginPageTest.setUp(LoginPageTest.java:31)
at com.crm.qa.testcases.LoginPageTest.setUp(LoginPageTest.java:31)
at com.crm.qa.testcases.LoginPageTest.setUp(LoginPageTest.java:31)
at com.crm.qa.testcases.LoginPageTest.setUp(LoginPageTest.java:31)
at com.crm.qa.testcases.LoginPageTest.setUp(LoginPageTest.java:31)
at com.crm.qa.testcases.LoginPageTest.setUp(LoginPageTest.java:31)
at com.crm.qa.testcases.LoginPageTest.setUp(LoginPageTest.java:31)
at com.crm.qa.testcases.LoginPageTest.setUp(LoginPageTest.java:31)
at com.crm.qa.testcases.LoginPageTest.setUp(LoginPageTest.java:31)
at com.crm.qa.testcases.LoginPageTest.setUp(LoginPageTest.java:31)
at com.crm.qa.testcases.LoginPageTest.setUp(LoginPageTest.java:31)
at com.crm.qa.testcases.LoginPageTest.setUp(LoginPageTest.java:31)
at com.crm.qa.testcases.LoginPageTest.setUp(LoginPageTest.java:31)
at com.crm.qa.testcases.LoginPageTest.setUp(LoginPageTest.java:31)
at com.crm.qa.testcases.LoginPageTest.setUp(LoginPageTest.java:31)
at com.crm.qa.testcases.LoginPageTest.setUp(LoginPageTest.java:31)
at com.crm.qa.testcases.LoginPageTest.setUp(LoginPageTest.java:31)
at com.crm.qa.testcases.LoginPageTest.setUp(LoginPageTest.java:31)
at com.crm.qa.testcases.LoginPageTest.setUp(LoginPageTest.java:31)
at com.crm.qa.testcases.LoginPageTest.setUp(LoginPageTest.java:31)
at com.crm.qa.testcases.LoginPageTest.setUp(LoginPageTest.java:31)
at com.crm.qa.testcases.LoginPageTest.setUp(LoginPageTest.java:31)
at com.crm.qa.testcases.LoginPageTest.setUp(LoginPageTest.java:31)
at com.crm.qa.testcases.LoginPageTest.setUp(LoginPageTest.java:31)
at com.crm.qa.testcases.LoginPageTest.setUp(LoginPageTest.java:31)
at com.crm.qa.testcases.LoginPageTest.setUp(LoginPageTest.java:31)
at com.crm.qa.testcases.LoginPageTest.setUp(LoginPageTest.java:31)
at com.crm.qa.testcases.LoginPageTest.setUp(LoginPageTest.java:31)
at com.crm.qa.testcases.LoginPageTest.setUp(LoginPageTest.java:31)
at com.crm.qa.testcases.LoginPageTest.setUp(LoginPageTest.java:31)
at com.crm.qa.testcases.LoginPageTest.setUp(LoginPageTest.java:31)
at com.crm.qa.testcases.LoginPageTest.setUp(LoginPageTest.java:31)
at com.crm.qa.testcases.LoginPageTest.setUp(LoginPageTest.java:31)
at com.crm.qa.testcases.LoginPageTest.setUp(LoginPageTest.java:31)
at com.crm.qa.testcases.LoginPageTest.setUp(LoginPageTest.java:31)
at com.crm.qa.testcases.LoginPageTest.setUp(LoginPageTest.java:31)
at com.crm.qa.testcases.LoginPageTest.setUp(LoginPageTest.java:31)
at com.crm.qa.testcases.LoginPageTest.setUp(LoginPageTest.java:31)
at com.crm.qa.testcases.LoginPageTest.setUp(LoginPageTest.java:31)
at com.crm.qa.testcases.LoginPageTest.setUp(LoginPageTest.java:31)
at com.crm.qa.testcases.LoginPageTest.setUp(LoginPageTest.java:31)
at com.crm.qa.testcases.LoginPageTest.setUp(LoginPageTest.java:31)
at com.crm.qa.testcases.LoginPageTest.setUp(LoginPageTest.java:31)
at com.crm.qa.testcases.LoginPageTest.setUp(LoginPageTest.java:31)
at com.crm.qa.testcases.LoginPageTest.setUp(LoginPageTest.java:31)
at com.crm.qa.testcases.LoginPageTest.setUp(LoginPageTest.java:31)
at com.crm.qa.testcases.LoginPageTest.setUp(LoginPageTest.java:31)
at com.crm.qa.testcases.LoginPageTest.setUp(LoginPageTest.java:31)
at com.crm.qa.testcases.LoginPageTest.setUp(LoginPageTest.java:31)
at com.crm.qa.testcases.LoginPageTest.setUp(LoginPageTest.java:31)
at com.crm.qa.testcases.LoginPageTest.setUp(LoginPageTest.java:31)
at com.crm.qa.testcases.LoginPageTest.setUp(LoginPageTest.java:31)
at com.crm.qa.testcases.LoginPageTest.setUp(LoginPageTest.java:31)
at com.crm.qa.testcases.LoginPageTest.setUp(LoginPageTest.java:31)
at com.crm.qa.testcases.LoginPageTest.setUp(LoginPageTest.java:31)
at com.crm.qa.testcases.LoginPageTest.setUp(LoginPageTest.java:31)
at com.crm.qa.testcases.LoginPageTest.setUp(LoginPageTest.java:31)
at com.crm.qa.testcases.LoginPageTest.setUp(LoginPageTest.java:31)
at com.crm.qa.testcases.LoginPageTest.setUp(LoginPageTest.java:31)
at com.crm.qa.testcases.LoginPageTest.setUp(LoginPageTest.java:31)
at com.crm.qa.testcases.LoginPageTest.setUp(LoginPageTest.java:31)
at com.crm.qa.testcases.LoginPageTest.setUp(LoginPageTest.java:31)
at com.crm.qa.testcases.LoginPageTest.setUp(LoginPageTest.java:31)
at com.crm.qa.testcases.LoginPageTest.setUp(LoginPageTest.java:31)
at com.crm.qa.testcases.LoginPageTest.setUp(LoginPageTest.java:31)
at com.crm.qa.testcases.LoginPageTest.setUp(LoginPageTest.java:31)
at com.crm.qa.testcases.LoginPageTest.setUp(LoginPageTest.java:31)
at com.crm.qa.testcases.LoginPageTest.setUp(LoginPageTest.java:31)
at com.crm.qa.testcases.LoginPageTest.setUp(LoginPageTest.java:31)
at com.crm.qa.testcases.LoginPageTest.setUp(LoginPageTest.java:31)
at com.crm.qa.testcases.LoginPageTest.setUp(LoginPageTest.java:31)
at com.crm.qa.testcases.LoginPageTest.setUp(LoginPageTest.java:31)
at com.crm.qa.testcases.LoginPageTest.setUp(LoginPageTest.java:31)
at com.crm.qa.testcases.LoginPageTest.setUp(LoginPageTest.java:31)
at com.crm.qa.testcases.LoginPageTest.setUp(LoginPageTest.java:31)
at com.crm.qa.testcases.LoginPageTest.setUp(LoginPageTest.java:31)
at com.crm.qa.testcases.LoginPageTest.setUp(LoginPageTest.java:31)
at com.crm.qa.testcases.LoginPageTest.setUp(LoginPageTest.java:31)
at com.crm.qa.testcases.LoginPageTest.setUp(LoginPageTest.java:31)
at com.crm.qa.testcases.LoginPageTest.setUp(LoginPageTest.java:31)
at com.crm.qa.testcases.LoginPageTest.setUp(LoginPageTest.java:31)
at com.crm.qa.testcases.LoginPageTest.setUp(LoginPageTest.java:31)
at com.crm.qa.testcases.LoginPageTest.setUp(LoginPageTest.java:31)
at com.crm.qa.testcases.LoginPageTest.setUp(LoginPageTest.java:31)
at com.crm.qa.testcases.LoginPageTest.setUp(LoginPageTest.java:31)
at com.crm.qa.testcases.LoginPageTest.setUp(LoginPageTest.java:31)
at com.crm.qa.testcases.LoginPageTest.setUp(LoginPageTest.java:31)
at com.crm.qa.testcases.LoginPageTest.setUp(LoginPageTest.java:31)
at com.crm.qa.testcases.LoginPageTest.setUp(LoginPageTest.java:31)
at com.crm.qa.testcases.LoginPageTest.setUp(LoginPageTest.java:31)
at com.crm.qa.testcases.LoginPageTest.setUp(LoginPageTest.java:31)
at com.crm.qa.testcases.LoginPageTest.setUp(LoginPageTest.java:31)
at com.crm.qa.testcases.LoginPageTest.setUp(LoginPageTest.java:31)
at com.crm.qa.testcases.LoginPageTest.setUp(LoginPageTest.java:31)
at com.crm.qa.testcases.LoginPageTest.setUp(LoginPageTest.java:31)
at com.crm.qa.testcases.LoginPageTest.setUp(LoginPageTest.java:31)
at com.crm.qa.testcases.LoginPageTest.setUp(LoginPageTest.java:31)
at com.crm.qa.testcases.LoginPageTest.setUp(LoginPageTest.java:31)
at com.crm.qa.testcases.LoginPageTest.setUp(LoginPageTest.java:31)
at com.crm.qa.testcases.LoginPageTest.setUp(LoginPageTest.java:31)
at com.crm.qa.testcases.LoginPageTest.setUp(LoginPageTest.java:31)
at com.crm.qa.testcases.LoginPageTest.setUp(LoginPageTest.java:31)
at com.crm.qa.testcases.LoginPageTest.setUp(LoginPageTest.java:31)
at com.crm.qa.testcases.LoginPageTest.setUp(LoginPageTest.java:31)
at com.crm.qa.testcases.LoginPageTest.setUp(LoginPageTest.java:31)
at com.crm.qa.testcases.LoginPageTest.setUp(LoginPageTest.java:31)
at com.crm.qa.testcases.LoginPageTest.setUp(LoginPageTest.java:31)
at com.crm.qa.testcases.LoginPageTest.setUp(LoginPageTest.java:31)
at com.crm.qa.testcases.LoginPageTest.setUp(LoginPageTest.java:31)
at com.crm.qa.testcases.LoginPageTest.setUp(LoginPageTest.java:31)
at com.crm.qa.testcases.LoginPageTest.setUp(LoginPageTest.java:31)
at com.crm.qa.testcases.LoginPageTest.setUp(LoginPageTest.java:31)
at com.crm.qa.testcases.LoginPageTest.setUp(LoginPageTest.java:31)
at com.crm.qa.testcases.LoginPageTest.setUp(LoginPageTest.java:31)
at com.crm.qa.testcases.LoginPageTest.setUp(LoginPageTest.java:31)
at com.crm.qa.testcases.LoginPageTest.setUp(LoginPageTest.java:31)
at com.crm.qa.testcases.LoginPageTest.setUp(LoginPageTest.java:31)
at com.crm.qa.testcases.LoginPageTest.setUp(LoginPageTest.java:31)
at com.crm.qa.testcases.LoginPageTest.setUp(LoginPageTest.java:31)
at com.crm.qa.testcases.LoginPageTest.setUp(LoginPageTest.java:31)
at com.crm.qa.testcases.LoginPageTest.setUp(LoginPageTest.java:31)
at com.crm.qa.testcases.LoginPageTest.setUp(LoginPageTest.java:31)
at com.crm.qa.testcases.LoginPageTest.setUp(LoginPageTest.java:31)
at com.crm.qa.testcases.LoginPageTest.setUp(LoginPageTest.java:31)
at com.crm.qa.testcases.LoginPageTest.setUp(LoginPageTest.java:31)
at com.crm.qa.testcases.LoginPageTest.setUp(LoginPageTest.java:31)
at com.crm.qa.testcases.LoginPageTest.setUp(LoginPageTest.java:31)
at com.crm.qa.testcases.LoginPageTest.setUp(LoginPageTest.java:31)
at com.crm.qa.testcases.LoginPageTest.setUp(LoginPageTest.java:31)
at com.crm.qa.testcases.LoginPageTest.setUp(LoginPageTest.java:31)
]]>
    </error>
  </testcase> <!-- setUp -->
  <system-out/>
  <testcase name="loginPageTitleTest" time="0.000" classname="com.crm.qa.testcases.LoginPageTest">
    <skipped/>
  </testcase> <!-- loginPageTitleTest -->
  <system-out/>
  <testcase name="crmLogoImageTest" time="0.000" classname="com.crm.qa.testcases.LoginPageTest">
    <skipped/>
  </testcase> <!-- crmLogoImageTest -->
  <system-out/>
  <testcase name="loginTest" time="0.000" classname="com.crm.qa.testcases.LoginPageTest">
    <skipped/>
  </testcase> <!-- loginTest -->
  <system-out/>
</testsuite> <!-- com.crm.qa.testcases.LoginPageTest -->
