<?xml version="1.0" encoding="UTF-8"?>
<!-- Generated by org.testng.reporters.JUnitReportReporter -->
<testsuite skipped="0" hostname="primas-Air" name="com.crm.qa.testcases.HomePageTest" tests="1" failures="0" timestamp="2022-06-13T11:33:05 EDT" time="11.869" errors="0">
  <testcase name="verifyHomePageTitleTest" time="11.869" classname="com.crm.qa.testcases.HomePageTest"/>
  <system-out/>
</testsuite> <!-- com.crm.qa.testcases.HomePageTest -->
