<?xml version="1.0" encoding="UTF-8"?>
<!-- Generated by org.testng.reporters.JUnitReportReporter -->
<testsuite skipped="1" hostname="primas-Air" name="com.crm.qa.testcases.HomePageTest" tests="2" failures="0" timestamp="2022-06-08T14:38:16 EDT" time="0.002" errors="1">
  <testcase name="setUp" time="0.002" classname="com.crm.qa.testcases.HomePageTest">
    <error type="java.lang.StackOverflowError">
      <![CDATA[java.lang.StackOverflowError
at com.crm.qa.testcases.HomePageTest.setUp(HomePageTest.java:31)
at com.crm.qa.testcases.HomePageTest.setUp(HomePageTest.java:31)
at com.crm.qa.testcases.HomePageTest.setUp(HomePageTest.java:31)
at com.crm.qa.testcases.HomePageTest.setUp(HomePageTest.java:31)
at com.crm.qa.testcases.HomePageTest.setUp(HomePageTest.java:31)
at com.crm.qa.testcases.HomePageTest.setUp(HomePageTest.java:31)
at com.crm.qa.testcases.HomePageTest.setUp(HomePageTest.java:31)
at com.crm.qa.testcases.HomePageTest.setUp(HomePageTest.java:31)
at com.crm.qa.testcases.HomePageTest.setUp(HomePageTest.java:31)
at com.crm.qa.testcases.HomePageTest.setUp(HomePageTest.java:31)
at com.crm.qa.testcases.HomePageTest.setUp(HomePageTest.java:31)
at com.crm.qa.testcases.HomePageTest.setUp(HomePageTest.java:31)
at com.crm.qa.testcases.HomePageTest.setUp(HomePageTest.java:31)
at com.crm.qa.testcases.HomePageTest.setUp(HomePageTest.java:31)
at com.crm.qa.testcases.HomePageTest.setUp(HomePageTest.java:31)
at com.crm.qa.testcases.HomePageTest.setUp(HomePageTest.java:31)
at com.crm.qa.testcases.HomePageTest.setUp(HomePageTest.java:31)
at com.crm.qa.testcases.HomePageTest.setUp(HomePageTest.java:31)
at com.crm.qa.testcases.HomePageTest.setUp(HomePageTest.java:31)
at com.crm.qa.testcases.HomePageTest.setUp(HomePageTest.java:31)
at com.crm.qa.testcases.HomePageTest.setUp(HomePageTest.java:31)
at com.crm.qa.testcases.HomePageTest.setUp(HomePageTest.java:31)
at com.crm.qa.testcases.HomePageTest.setUp(HomePageTest.java:31)
at com.crm.qa.testcases.HomePageTest.setUp(HomePageTest.java:31)
at com.crm.qa.testcases.HomePageTest.setUp(HomePageTest.java:31)
at com.crm.qa.testcases.HomePageTest.setUp(HomePageTest.java:31)
at com.crm.qa.testcases.HomePageTest.setUp(HomePageTest.java:31)
at com.crm.qa.testcases.HomePageTest.setUp(HomePageTest.java:31)
at com.crm.qa.testcases.HomePageTest.setUp(HomePageTest.java:31)
at com.crm.qa.testcases.HomePageTest.setUp(HomePageTest.java:31)
at com.crm.qa.testcases.HomePageTest.setUp(HomePageTest.java:31)
at com.crm.qa.testcases.HomePageTest.setUp(HomePageTest.java:31)
at com.crm.qa.testcases.HomePageTest.setUp(HomePageTest.java:31)
at com.crm.qa.testcases.HomePageTest.setUp(HomePageTest.java:31)
at com.crm.qa.testcases.HomePageTest.setUp(HomePageTest.java:31)
at com.crm.qa.testcases.HomePageTest.setUp(HomePageTest.java:31)
at com.crm.qa.testcases.HomePageTest.setUp(HomePageTest.java:31)
at com.crm.qa.testcases.HomePageTest.setUp(HomePageTest.java:31)
at com.crm.qa.testcases.HomePageTest.setUp(HomePageTest.java:31)
at com.crm.qa.testcases.HomePageTest.setUp(HomePageTest.java:31)
at com.crm.qa.testcases.HomePageTest.setUp(HomePageTest.java:31)
at com.crm.qa.testcases.HomePageTest.setUp(HomePageTest.java:31)
at com.crm.qa.testcases.HomePageTest.setUp(HomePageTest.java:31)
at com.crm.qa.testcases.HomePageTest.setUp(HomePageTest.java:31)
at com.crm.qa.testcases.HomePageTest.setUp(HomePageTest.java:31)
at com.crm.qa.testcases.HomePageTest.setUp(HomePageTest.java:31)
at com.crm.qa.testcases.HomePageTest.setUp(HomePageTest.java:31)
at com.crm.qa.testcases.HomePageTest.setUp(HomePageTest.java:31)
at com.crm.qa.testcases.HomePageTest.setUp(HomePageTest.java:31)
at com.crm.qa.testcases.HomePageTest.setUp(HomePageTest.java:31)
at com.crm.qa.testcases.HomePageTest.setUp(HomePageTest.java:31)
at com.crm.qa.testcases.HomePageTest.setUp(HomePageTest.java:31)
at com.crm.qa.testcases.HomePageTest.setUp(HomePageTest.java:31)
at com.crm.qa.testcases.HomePageTest.setUp(HomePageTest.java:31)
at com.crm.qa.testcases.HomePageTest.setUp(HomePageTest.java:31)
at com.crm.qa.testcases.HomePageTest.setUp(HomePageTest.java:31)
at com.crm.qa.testcases.HomePageTest.setUp(HomePageTest.java:31)
at com.crm.qa.testcases.HomePageTest.setUp(HomePageTest.java:31)
at com.crm.qa.testcases.HomePageTest.setUp(HomePageTest.java:31)
at com.crm.qa.testcases.HomePageTest.setUp(HomePageTest.java:31)
at com.crm.qa.testcases.HomePageTest.setUp(HomePageTest.java:31)
at com.crm.qa.testcases.HomePageTest.setUp(HomePageTest.java:31)
at com.crm.qa.testcases.HomePageTest.setUp(HomePageTest.java:31)
at com.crm.qa.testcases.HomePageTest.setUp(HomePageTest.java:31)
at com.crm.qa.testcases.HomePageTest.setUp(HomePageTest.java:31)
at com.crm.qa.testcases.HomePageTest.setUp(HomePageTest.java:31)
at com.crm.qa.testcases.HomePageTest.setUp(HomePageTest.java:31)
at com.crm.qa.testcases.HomePageTest.setUp(HomePageTest.java:31)
at com.crm.qa.testcases.HomePageTest.setUp(HomePageTest.java:31)
at com.crm.qa.testcases.HomePageTest.setUp(HomePageTest.java:31)
at com.crm.qa.testcases.HomePageTest.setUp(HomePageTest.java:31)
at com.crm.qa.testcases.HomePageTest.setUp(HomePageTest.java:31)
at com.crm.qa.testcases.HomePageTest.setUp(HomePageTest.java:31)
at com.crm.qa.testcases.HomePageTest.setUp(HomePageTest.java:31)
at com.crm.qa.testcases.HomePageTest.setUp(HomePageTest.java:31)
at com.crm.qa.testcases.HomePageTest.setUp(HomePageTest.java:31)
at com.crm.qa.testcases.HomePageTest.setUp(HomePageTest.java:31)
at com.crm.qa.testcases.HomePageTest.setUp(HomePageTest.java:31)
at com.crm.qa.testcases.HomePageTest.setUp(HomePageTest.java:31)
at com.crm.qa.testcases.HomePageTest.setUp(HomePageTest.java:31)
at com.crm.qa.testcases.HomePageTest.setUp(HomePageTest.java:31)
at com.crm.qa.testcases.HomePageTest.setUp(HomePageTest.java:31)
at com.crm.qa.testcases.HomePageTest.setUp(HomePageTest.java:31)
at com.crm.qa.testcases.HomePageTest.setUp(HomePageTest.java:31)
at com.crm.qa.testcases.HomePageTest.setUp(HomePageTest.java:31)
at com.crm.qa.testcases.HomePageTest.setUp(HomePageTest.java:31)
at com.crm.qa.testcases.HomePageTest.setUp(HomePageTest.java:31)
at com.crm.qa.testcases.HomePageTest.setUp(HomePageTest.java:31)
at com.crm.qa.testcases.HomePageTest.setUp(HomePageTest.java:31)
at com.crm.qa.testcases.HomePageTest.setUp(HomePageTest.java:31)
at com.crm.qa.testcases.HomePageTest.setUp(HomePageTest.java:31)
at com.crm.qa.testcases.HomePageTest.setUp(HomePageTest.java:31)
at com.crm.qa.testcases.HomePageTest.setUp(HomePageTest.java:31)
at com.crm.qa.testcases.HomePageTest.setUp(HomePageTest.java:31)
at com.crm.qa.testcases.HomePageTest.setUp(HomePageTest.java:31)
at com.crm.qa.testcases.HomePageTest.setUp(HomePageTest.java:31)
at com.crm.qa.testcases.HomePageTest.setUp(HomePageTest.java:31)
at com.crm.qa.testcases.HomePageTest.setUp(HomePageTest.java:31)
at com.crm.qa.testcases.HomePageTest.setUp(HomePageTest.java:31)
at com.crm.qa.testcases.HomePageTest.setUp(HomePageTest.java:31)
at com.crm.qa.testcases.HomePageTest.setUp(HomePageTest.java:31)
at com.crm.qa.testcases.HomePageTest.setUp(HomePageTest.java:31)
at com.crm.qa.testcases.HomePageTest.setUp(HomePageTest.java:31)
at com.crm.qa.testcases.HomePageTest.setUp(HomePageTest.java:31)
at com.crm.qa.testcases.HomePageTest.setUp(HomePageTest.java:31)
at com.crm.qa.testcases.HomePageTest.setUp(HomePageTest.java:31)
at com.crm.qa.testcases.HomePageTest.setUp(HomePageTest.java:31)
at com.crm.qa.testcases.HomePageTest.setUp(HomePageTest.java:31)
at com.crm.qa.testcases.HomePageTest.setUp(HomePageTest.java:31)
at com.crm.qa.testcases.HomePageTest.setUp(HomePageTest.java:31)
at com.crm.qa.testcases.HomePageTest.setUp(HomePageTest.java:31)
at com.crm.qa.testcases.HomePageTest.setUp(HomePageTest.java:31)
at com.crm.qa.testcases.HomePageTest.setUp(HomePageTest.java:31)
at com.crm.qa.testcases.HomePageTest.setUp(HomePageTest.java:31)
at com.crm.qa.testcases.HomePageTest.setUp(HomePageTest.java:31)
at com.crm.qa.testcases.HomePageTest.setUp(HomePageTest.java:31)
at com.crm.qa.testcases.HomePageTest.setUp(HomePageTest.java:31)
at com.crm.qa.testcases.HomePageTest.setUp(HomePageTest.java:31)
at com.crm.qa.testcases.HomePageTest.setUp(HomePageTest.java:31)
at com.crm.qa.testcases.HomePageTest.setUp(HomePageTest.java:31)
at com.crm.qa.testcases.HomePageTest.setUp(HomePageTest.java:31)
at com.crm.qa.testcases.HomePageTest.setUp(HomePageTest.java:31)
at com.crm.qa.testcases.HomePageTest.setUp(HomePageTest.java:31)
at com.crm.qa.testcases.HomePageTest.setUp(HomePageTest.java:31)
at com.crm.qa.testcases.HomePageTest.setUp(HomePageTest.java:31)
at com.crm.qa.testcases.HomePageTest.setUp(HomePageTest.java:31)
at com.crm.qa.testcases.HomePageTest.setUp(HomePageTest.java:31)
at com.crm.qa.testcases.HomePageTest.setUp(HomePageTest.java:31)
at com.crm.qa.testcases.HomePageTest.setUp(HomePageTest.java:31)
at com.crm.qa.testcases.HomePageTest.setUp(HomePageTest.java:31)
at com.crm.qa.testcases.HomePageTest.setUp(HomePageTest.java:31)
at com.crm.qa.testcases.HomePageTest.setUp(HomePageTest.java:31)
at com.crm.qa.testcases.HomePageTest.setUp(HomePageTest.java:31)
at com.crm.qa.testcases.HomePageTest.setUp(HomePageTest.java:31)
at com.crm.qa.testcases.HomePageTest.setUp(HomePageTest.java:31)
at com.crm.qa.testcases.HomePageTest.setUp(HomePageTest.java:31)
at com.crm.qa.testcases.HomePageTest.setUp(HomePageTest.java:31)
at com.crm.qa.testcases.HomePageTest.setUp(HomePageTest.java:31)
at com.crm.qa.testcases.HomePageTest.setUp(HomePageTest.java:31)
at com.crm.qa.testcases.HomePageTest.setUp(HomePageTest.java:31)
at com.crm.qa.testcases.HomePageTest.setUp(HomePageTest.java:31)
at com.crm.qa.testcases.HomePageTest.setUp(HomePageTest.java:31)
at com.crm.qa.testcases.HomePageTest.setUp(HomePageTest.java:31)
at com.crm.qa.testcases.HomePageTest.setUp(HomePageTest.java:31)
at com.crm.qa.testcases.HomePageTest.setUp(HomePageTest.java:31)
at com.crm.qa.testcases.HomePageTest.setUp(HomePageTest.java:31)
at com.crm.qa.testcases.HomePageTest.setUp(HomePageTest.java:31)
at com.crm.qa.testcases.HomePageTest.setUp(HomePageTest.java:31)
at com.crm.qa.testcases.HomePageTest.setUp(HomePageTest.java:31)
at com.crm.qa.testcases.HomePageTest.setUp(HomePageTest.java:31)
at com.crm.qa.testcases.HomePageTest.setUp(HomePageTest.java:31)
at com.crm.qa.testcases.HomePageTest.setUp(HomePageTest.java:31)
at com.crm.qa.testcases.HomePageTest.setUp(HomePageTest.java:31)
at com.crm.qa.testcases.HomePageTest.setUp(HomePageTest.java:31)
at com.crm.qa.testcases.HomePageTest.setUp(HomePageTest.java:31)
at com.crm.qa.testcases.HomePageTest.setUp(HomePageTest.java:31)
at com.crm.qa.testcases.HomePageTest.setUp(HomePageTest.java:31)
at com.crm.qa.testcases.HomePageTest.setUp(HomePageTest.java:31)
at com.crm.qa.testcases.HomePageTest.setUp(HomePageTest.java:31)
at com.crm.qa.testcases.HomePageTest.setUp(HomePageTest.java:31)
at com.crm.qa.testcases.HomePageTest.setUp(HomePageTest.java:31)
at com.crm.qa.testcases.HomePageTest.setUp(HomePageTest.java:31)
at com.crm.qa.testcases.HomePageTest.setUp(HomePageTest.java:31)
at com.crm.qa.testcases.HomePageTest.setUp(HomePageTest.java:31)
at com.crm.qa.testcases.HomePageTest.setUp(HomePageTest.java:31)
at com.crm.qa.testcases.HomePageTest.setUp(HomePageTest.java:31)
at com.crm.qa.testcases.HomePageTest.setUp(HomePageTest.java:31)
at com.crm.qa.testcases.HomePageTest.setUp(HomePageTest.java:31)
at com.crm.qa.testcases.HomePageTest.setUp(HomePageTest.java:31)
at com.crm.qa.testcases.HomePageTest.setUp(HomePageTest.java:31)
at com.crm.qa.testcases.HomePageTest.setUp(HomePageTest.java:31)
at com.crm.qa.testcases.HomePageTest.setUp(HomePageTest.java:31)
at com.crm.qa.testcases.HomePageTest.setUp(HomePageTest.java:31)
at com.crm.qa.testcases.HomePageTest.setUp(HomePageTest.java:31)
at com.crm.qa.testcases.HomePageTest.setUp(HomePageTest.java:31)
at com.crm.qa.testcases.HomePageTest.setUp(HomePageTest.java:31)
at com.crm.qa.testcases.HomePageTest.setUp(HomePageTest.java:31)
at com.crm.qa.testcases.HomePageTest.setUp(HomePageTest.java:31)
at com.crm.qa.testcases.HomePageTest.setUp(HomePageTest.java:31)
at com.crm.qa.testcases.HomePageTest.setUp(HomePageTest.java:31)
at com.crm.qa.testcases.HomePageTest.setUp(HomePageTest.java:31)
at com.crm.qa.testcases.HomePageTest.setUp(HomePageTest.java:31)
at com.crm.qa.testcases.HomePageTest.setUp(HomePageTest.java:31)
at com.crm.qa.testcases.HomePageTest.setUp(HomePageTest.java:31)
at com.crm.qa.testcases.HomePageTest.setUp(HomePageTest.java:31)
at com.crm.qa.testcases.HomePageTest.setUp(HomePageTest.java:31)
at com.crm.qa.testcases.HomePageTest.setUp(HomePageTest.java:31)
at com.crm.qa.testcases.HomePageTest.setUp(HomePageTest.java:31)
at com.crm.qa.testcases.HomePageTest.setUp(HomePageTest.java:31)
at com.crm.qa.testcases.HomePageTest.setUp(HomePageTest.java:31)
at com.crm.qa.testcases.HomePageTest.setUp(HomePageTest.java:31)
at com.crm.qa.testcases.HomePageTest.setUp(HomePageTest.java:31)
at com.crm.qa.testcases.HomePageTest.setUp(HomePageTest.java:31)
at com.crm.qa.testcases.HomePageTest.setUp(HomePageTest.java:31)
at com.crm.qa.testcases.HomePageTest.setUp(HomePageTest.java:31)
at com.crm.qa.testcases.HomePageTest.setUp(HomePageTest.java:31)
at com.crm.qa.testcases.HomePageTest.setUp(HomePageTest.java:31)
at com.crm.qa.testcases.HomePageTest.setUp(HomePageTest.java:31)
at com.crm.qa.testcases.HomePageTest.setUp(HomePageTest.java:31)
at com.crm.qa.testcases.HomePageTest.setUp(HomePageTest.java:31)
at com.crm.qa.testcases.HomePageTest.setUp(HomePageTest.java:31)
at com.crm.qa.testcases.HomePageTest.setUp(HomePageTest.java:31)
at com.crm.qa.testcases.HomePageTest.setUp(HomePageTest.java:31)
at com.crm.qa.testcases.HomePageTest.setUp(HomePageTest.java:31)
at com.crm.qa.testcases.HomePageTest.setUp(HomePageTest.java:31)
at com.crm.qa.testcases.HomePageTest.setUp(HomePageTest.java:31)
at com.crm.qa.testcases.HomePageTest.setUp(HomePageTest.java:31)
at com.crm.qa.testcases.HomePageTest.setUp(HomePageTest.java:31)
at com.crm.qa.testcases.HomePageTest.setUp(HomePageTest.java:31)
at com.crm.qa.testcases.HomePageTest.setUp(HomePageTest.java:31)
at com.crm.qa.testcases.HomePageTest.setUp(HomePageTest.java:31)
at com.crm.qa.testcases.HomePageTest.setUp(HomePageTest.java:31)
at com.crm.qa.testcases.HomePageTest.setUp(HomePageTest.java:31)
at com.crm.qa.testcases.HomePageTest.setUp(HomePageTest.java:31)
at com.crm.qa.testcases.HomePageTest.setUp(HomePageTest.java:31)
at com.crm.qa.testcases.HomePageTest.setUp(HomePageTest.java:31)
at com.crm.qa.testcases.HomePageTest.setUp(HomePageTest.java:31)
at com.crm.qa.testcases.HomePageTest.setUp(HomePageTest.java:31)
at com.crm.qa.testcases.HomePageTest.setUp(HomePageTest.java:31)
at com.crm.qa.testcases.HomePageTest.setUp(HomePageTest.java:31)
at com.crm.qa.testcases.HomePageTest.setUp(HomePageTest.java:31)
at com.crm.qa.testcases.HomePageTest.setUp(HomePageTest.java:31)
at com.crm.qa.testcases.HomePageTest.setUp(HomePageTest.java:31)
at com.crm.qa.testcases.HomePageTest.setUp(HomePageTest.java:31)
at com.crm.qa.testcases.HomePageTest.setUp(HomePageTest.java:31)
at com.crm.qa.testcases.HomePageTest.setUp(HomePageTest.java:31)
at com.crm.qa.testcases.HomePageTest.setUp(HomePageTest.java:31)
at com.crm.qa.testcases.HomePageTest.setUp(HomePageTest.java:31)
at com.crm.qa.testcases.HomePageTest.setUp(HomePageTest.java:31)
at com.crm.qa.testcases.HomePageTest.setUp(HomePageTest.java:31)
at com.crm.qa.testcases.HomePageTest.setUp(HomePageTest.java:31)
at com.crm.qa.testcases.HomePageTest.setUp(HomePageTest.java:31)
at com.crm.qa.testcases.HomePageTest.setUp(HomePageTest.java:31)
at com.crm.qa.testcases.HomePageTest.setUp(HomePageTest.java:31)
at com.crm.qa.testcases.HomePageTest.setUp(HomePageTest.java:31)
at com.crm.qa.testcases.HomePageTest.setUp(HomePageTest.java:31)
at com.crm.qa.testcases.HomePageTest.setUp(HomePageTest.java:31)
at com.crm.qa.testcases.HomePageTest.setUp(HomePageTest.java:31)
at com.crm.qa.testcases.HomePageTest.setUp(HomePageTest.java:31)
at com.crm.qa.testcases.HomePageTest.setUp(HomePageTest.java:31)
at com.crm.qa.testcases.HomePageTest.setUp(HomePageTest.java:31)
at com.crm.qa.testcases.HomePageTest.setUp(HomePageTest.java:31)
at com.crm.qa.testcases.HomePageTest.setUp(HomePageTest.java:31)
at com.crm.qa.testcases.HomePageTest.setUp(HomePageTest.java:31)
at com.crm.qa.testcases.HomePageTest.setUp(HomePageTest.java:31)
at com.crm.qa.testcases.HomePageTest.setUp(HomePageTest.java:31)
at com.crm.qa.testcases.HomePageTest.setUp(HomePageTest.java:31)
at com.crm.qa.testcases.HomePageTest.setUp(HomePageTest.java:31)
at com.crm.qa.testcases.HomePageTest.setUp(HomePageTest.java:31)
at com.crm.qa.testcases.HomePageTest.setUp(HomePageTest.java:31)
at com.crm.qa.testcases.HomePageTest.setUp(HomePageTest.java:31)
at com.crm.qa.testcases.HomePageTest.setUp(HomePageTest.java:31)
at com.crm.qa.testcases.HomePageTest.setUp(HomePageTest.java:31)
at com.crm.qa.testcases.HomePageTest.setUp(HomePageTest.java:31)
at com.crm.qa.testcases.HomePageTest.setUp(HomePageTest.java:31)
at com.crm.qa.testcases.HomePageTest.setUp(HomePageTest.java:31)
at com.crm.qa.testcases.HomePageTest.setUp(HomePageTest.java:31)
at com.crm.qa.testcases.HomePageTest.setUp(HomePageTest.java:31)
at com.crm.qa.testcases.HomePageTest.setUp(HomePageTest.java:31)
at com.crm.qa.testcases.HomePageTest.setUp(HomePageTest.java:31)
at com.crm.qa.testcases.HomePageTest.setUp(HomePageTest.java:31)
at com.crm.qa.testcases.HomePageTest.setUp(HomePageTest.java:31)
at com.crm.qa.testcases.HomePageTest.setUp(HomePageTest.java:31)
at com.crm.qa.testcases.HomePageTest.setUp(HomePageTest.java:31)
at com.crm.qa.testcases.HomePageTest.setUp(HomePageTest.java:31)
at com.crm.qa.testcases.HomePageTest.setUp(HomePageTest.java:31)
at com.crm.qa.testcases.HomePageTest.setUp(HomePageTest.java:31)
at com.crm.qa.testcases.HomePageTest.setUp(HomePageTest.java:31)
at com.crm.qa.testcases.HomePageTest.setUp(HomePageTest.java:31)
at com.crm.qa.testcases.HomePageTest.setUp(HomePageTest.java:31)
at com.crm.qa.testcases.HomePageTest.setUp(HomePageTest.java:31)
at com.crm.qa.testcases.HomePageTest.setUp(HomePageTest.java:31)
at com.crm.qa.testcases.HomePageTest.setUp(HomePageTest.java:31)
at com.crm.qa.testcases.HomePageTest.setUp(HomePageTest.java:31)
at com.crm.qa.testcases.HomePageTest.setUp(HomePageTest.java:31)
at com.crm.qa.testcases.HomePageTest.setUp(HomePageTest.java:31)
at com.crm.qa.testcases.HomePageTest.setUp(HomePageTest.java:31)
at com.crm.qa.testcases.HomePageTest.setUp(HomePageTest.java:31)
at com.crm.qa.testcases.HomePageTest.setUp(HomePageTest.java:31)
at com.crm.qa.testcases.HomePageTest.setUp(HomePageTest.java:31)
at com.crm.qa.testcases.HomePageTest.setUp(HomePageTest.java:31)
at com.crm.qa.testcases.HomePageTest.setUp(HomePageTest.java:31)
at com.crm.qa.testcases.HomePageTest.setUp(HomePageTest.java:31)
at com.crm.qa.testcases.HomePageTest.setUp(HomePageTest.java:31)
at com.crm.qa.testcases.HomePageTest.setUp(HomePageTest.java:31)
at com.crm.qa.testcases.HomePageTest.setUp(HomePageTest.java:31)
at com.crm.qa.testcases.HomePageTest.setUp(HomePageTest.java:31)
at com.crm.qa.testcases.HomePageTest.setUp(HomePageTest.java:31)
at com.crm.qa.testcases.HomePageTest.setUp(HomePageTest.java:31)
at com.crm.qa.testcases.HomePageTest.setUp(HomePageTest.java:31)
at com.crm.qa.testcases.HomePageTest.setUp(HomePageTest.java:31)
at com.crm.qa.testcases.HomePageTest.setUp(HomePageTest.java:31)
at com.crm.qa.testcases.HomePageTest.setUp(HomePageTest.java:31)
at com.crm.qa.testcases.HomePageTest.setUp(HomePageTest.java:31)
at com.crm.qa.testcases.HomePageTest.setUp(HomePageTest.java:31)
at com.crm.qa.testcases.HomePageTest.setUp(HomePageTest.java:31)
at com.crm.qa.testcases.HomePageTest.setUp(HomePageTest.java:31)
at com.crm.qa.testcases.HomePageTest.setUp(HomePageTest.java:31)
at com.crm.qa.testcases.HomePageTest.setUp(HomePageTest.java:31)
at com.crm.qa.testcases.HomePageTest.setUp(HomePageTest.java:31)
at com.crm.qa.testcases.HomePageTest.setUp(HomePageTest.java:31)
at com.crm.qa.testcases.HomePageTest.setUp(HomePageTest.java:31)
at com.crm.qa.testcases.HomePageTest.setUp(HomePageTest.java:31)
at com.crm.qa.testcases.HomePageTest.setUp(HomePageTest.java:31)
at com.crm.qa.testcases.HomePageTest.setUp(HomePageTest.java:31)
at com.crm.qa.testcases.HomePageTest.setUp(HomePageTest.java:31)
at com.crm.qa.testcases.HomePageTest.setUp(HomePageTest.java:31)
at com.crm.qa.testcases.HomePageTest.setUp(HomePageTest.java:31)
at com.crm.qa.testcases.HomePageTest.setUp(HomePageTest.java:31)
at com.crm.qa.testcases.HomePageTest.setUp(HomePageTest.java:31)
at com.crm.qa.testcases.HomePageTest.setUp(HomePageTest.java:31)
at com.crm.qa.testcases.HomePageTest.setUp(HomePageTest.java:31)
at com.crm.qa.testcases.HomePageTest.setUp(HomePageTest.java:31)
at com.crm.qa.testcases.HomePageTest.setUp(HomePageTest.java:31)
at com.crm.qa.testcases.HomePageTest.setUp(HomePageTest.java:31)
at com.crm.qa.testcases.HomePageTest.setUp(HomePageTest.java:31)
at com.crm.qa.testcases.HomePageTest.setUp(HomePageTest.java:31)
at com.crm.qa.testcases.HomePageTest.setUp(HomePageTest.java:31)
at com.crm.qa.testcases.HomePageTest.setUp(HomePageTest.java:31)
at com.crm.qa.testcases.HomePageTest.setUp(HomePageTest.java:31)
at com.crm.qa.testcases.HomePageTest.setUp(HomePageTest.java:31)
at com.crm.qa.testcases.HomePageTest.setUp(HomePageTest.java:31)
at com.crm.qa.testcases.HomePageTest.setUp(HomePageTest.java:31)
at com.crm.qa.testcases.HomePageTest.setUp(HomePageTest.java:31)
at com.crm.qa.testcases.HomePageTest.setUp(HomePageTest.java:31)
at com.crm.qa.testcases.HomePageTest.setUp(HomePageTest.java:31)
at com.crm.qa.testcases.HomePageTest.setUp(HomePageTest.java:31)
at com.crm.qa.testcases.HomePageTest.setUp(HomePageTest.java:31)
at com.crm.qa.testcases.HomePageTest.setUp(HomePageTest.java:31)
at com.crm.qa.testcases.HomePageTest.setUp(HomePageTest.java:31)
at com.crm.qa.testcases.HomePageTest.setUp(HomePageTest.java:31)
at com.crm.qa.testcases.HomePageTest.setUp(HomePageTest.java:31)
at com.crm.qa.testcases.HomePageTest.setUp(HomePageTest.java:31)
at com.crm.qa.testcases.HomePageTest.setUp(HomePageTest.java:31)
at com.crm.qa.testcases.HomePageTest.setUp(HomePageTest.java:31)
at com.crm.qa.testcases.HomePageTest.setUp(HomePageTest.java:31)
at com.crm.qa.testcases.HomePageTest.setUp(HomePageTest.java:31)
at com.crm.qa.testcases.HomePageTest.setUp(HomePageTest.java:31)
at com.crm.qa.testcases.HomePageTest.setUp(HomePageTest.java:31)
at com.crm.qa.testcases.HomePageTest.setUp(HomePageTest.java:31)
at com.crm.qa.testcases.HomePageTest.setUp(HomePageTest.java:31)
at com.crm.qa.testcases.HomePageTest.setUp(HomePageTest.java:31)
at com.crm.qa.testcases.HomePageTest.setUp(HomePageTest.java:31)
at com.crm.qa.testcases.HomePageTest.setUp(HomePageTest.java:31)
at com.crm.qa.testcases.HomePageTest.setUp(HomePageTest.java:31)
at com.crm.qa.testcases.HomePageTest.setUp(HomePageTest.java:31)
at com.crm.qa.testcases.HomePageTest.setUp(HomePageTest.java:31)
at com.crm.qa.testcases.HomePageTest.setUp(HomePageTest.java:31)
at com.crm.qa.testcases.HomePageTest.setUp(HomePageTest.java:31)
at com.crm.qa.testcases.HomePageTest.setUp(HomePageTest.java:31)
at com.crm.qa.testcases.HomePageTest.setUp(HomePageTest.java:31)
at com.crm.qa.testcases.HomePageTest.setUp(HomePageTest.java:31)
at com.crm.qa.testcases.HomePageTest.setUp(HomePageTest.java:31)
at com.crm.qa.testcases.HomePageTest.setUp(HomePageTest.java:31)
at com.crm.qa.testcases.HomePageTest.setUp(HomePageTest.java:31)
at com.crm.qa.testcases.HomePageTest.setUp(HomePageTest.java:31)
at com.crm.qa.testcases.HomePageTest.setUp(HomePageTest.java:31)
at com.crm.qa.testcases.HomePageTest.setUp(HomePageTest.java:31)
at com.crm.qa.testcases.HomePageTest.setUp(HomePageTest.java:31)
at com.crm.qa.testcases.HomePageTest.setUp(HomePageTest.java:31)
at com.crm.qa.testcases.HomePageTest.setUp(HomePageTest.java:31)
at com.crm.qa.testcases.HomePageTest.setUp(HomePageTest.java:31)
at com.crm.qa.testcases.HomePageTest.setUp(HomePageTest.java:31)
at com.crm.qa.testcases.HomePageTest.setUp(HomePageTest.java:31)
at com.crm.qa.testcases.HomePageTest.setUp(HomePageTest.java:31)
at com.crm.qa.testcases.HomePageTest.setUp(HomePageTest.java:31)
at com.crm.qa.testcases.HomePageTest.setUp(HomePageTest.java:31)
at com.crm.qa.testcases.HomePageTest.setUp(HomePageTest.java:31)
at com.crm.qa.testcases.HomePageTest.setUp(HomePageTest.java:31)
at com.crm.qa.testcases.HomePageTest.setUp(HomePageTest.java:31)
at com.crm.qa.testcases.HomePageTest.setUp(HomePageTest.java:31)
at com.crm.qa.testcases.HomePageTest.setUp(HomePageTest.java:31)
at com.crm.qa.testcases.HomePageTest.setUp(HomePageTest.java:31)
at com.crm.qa.testcases.HomePageTest.setUp(HomePageTest.java:31)
at com.crm.qa.testcases.HomePageTest.setUp(HomePageTest.java:31)
at com.crm.qa.testcases.HomePageTest.setUp(HomePageTest.java:31)
at com.crm.qa.testcases.HomePageTest.setUp(HomePageTest.java:31)
at com.crm.qa.testcases.HomePageTest.setUp(HomePageTest.java:31)
at com.crm.qa.testcases.HomePageTest.setUp(HomePageTest.java:31)
at com.crm.qa.testcases.HomePageTest.setUp(HomePageTest.java:31)
at com.crm.qa.testcases.HomePageTest.setUp(HomePageTest.java:31)
at com.crm.qa.testcases.HomePageTest.setUp(HomePageTest.java:31)
at com.crm.qa.testcases.HomePageTest.setUp(HomePageTest.java:31)
at com.crm.qa.testcases.HomePageTest.setUp(HomePageTest.java:31)
at com.crm.qa.testcases.HomePageTest.setUp(HomePageTest.java:31)
at com.crm.qa.testcases.HomePageTest.setUp(HomePageTest.java:31)
at com.crm.qa.testcases.HomePageTest.setUp(HomePageTest.java:31)
at com.crm.qa.testcases.HomePageTest.setUp(HomePageTest.java:31)
at com.crm.qa.testcases.HomePageTest.setUp(HomePageTest.java:31)
at com.crm.qa.testcases.HomePageTest.setUp(HomePageTest.java:31)
at com.crm.qa.testcases.HomePageTest.setUp(HomePageTest.java:31)
at com.crm.qa.testcases.HomePageTest.setUp(HomePageTest.java:31)
at com.crm.qa.testcases.HomePageTest.setUp(HomePageTest.java:31)
at com.crm.qa.testcases.HomePageTest.setUp(HomePageTest.java:31)
at com.crm.qa.testcases.HomePageTest.setUp(HomePageTest.java:31)
at com.crm.qa.testcases.HomePageTest.setUp(HomePageTest.java:31)
at com.crm.qa.testcases.HomePageTest.setUp(HomePageTest.java:31)
at com.crm.qa.testcases.HomePageTest.setUp(HomePageTest.java:31)
at com.crm.qa.testcases.HomePageTest.setUp(HomePageTest.java:31)
at com.crm.qa.testcases.HomePageTest.setUp(HomePageTest.java:31)
at com.crm.qa.testcases.HomePageTest.setUp(HomePageTest.java:31)
at com.crm.qa.testcases.HomePageTest.setUp(HomePageTest.java:31)
at com.crm.qa.testcases.HomePageTest.setUp(HomePageTest.java:31)
at com.crm.qa.testcases.HomePageTest.setUp(HomePageTest.java:31)
at com.crm.qa.testcases.HomePageTest.setUp(HomePageTest.java:31)
at com.crm.qa.testcases.HomePageTest.setUp(HomePageTest.java:31)
at com.crm.qa.testcases.HomePageTest.setUp(HomePageTest.java:31)
at com.crm.qa.testcases.HomePageTest.setUp(HomePageTest.java:31)
at com.crm.qa.testcases.HomePageTest.setUp(HomePageTest.java:31)
at com.crm.qa.testcases.HomePageTest.setUp(HomePageTest.java:31)
at com.crm.qa.testcases.HomePageTest.setUp(HomePageTest.java:31)
at com.crm.qa.testcases.HomePageTest.setUp(HomePageTest.java:31)
at com.crm.qa.testcases.HomePageTest.setUp(HomePageTest.java:31)
at com.crm.qa.testcases.HomePageTest.setUp(HomePageTest.java:31)
at com.crm.qa.testcases.HomePageTest.setUp(HomePageTest.java:31)
at com.crm.qa.testcases.HomePageTest.setUp(HomePageTest.java:31)
at com.crm.qa.testcases.HomePageTest.setUp(HomePageTest.java:31)
at com.crm.qa.testcases.HomePageTest.setUp(HomePageTest.java:31)
at com.crm.qa.testcases.HomePageTest.setUp(HomePageTest.java:31)
at com.crm.qa.testcases.HomePageTest.setUp(HomePageTest.java:31)
at com.crm.qa.testcases.HomePageTest.setUp(HomePageTest.java:31)
at com.crm.qa.testcases.HomePageTest.setUp(HomePageTest.java:31)
at com.crm.qa.testcases.HomePageTest.setUp(HomePageTest.java:31)
at com.crm.qa.testcases.HomePageTest.setUp(HomePageTest.java:31)
at com.crm.qa.testcases.HomePageTest.setUp(HomePageTest.java:31)
at com.crm.qa.testcases.HomePageTest.setUp(HomePageTest.java:31)
at com.crm.qa.testcases.HomePageTest.setUp(HomePageTest.java:31)
at com.crm.qa.testcases.HomePageTest.setUp(HomePageTest.java:31)
at com.crm.qa.testcases.HomePageTest.setUp(HomePageTest.java:31)
at com.crm.qa.testcases.HomePageTest.setUp(HomePageTest.java:31)
at com.crm.qa.testcases.HomePageTest.setUp(HomePageTest.java:31)
at com.crm.qa.testcases.HomePageTest.setUp(HomePageTest.java:31)
at com.crm.qa.testcases.HomePageTest.setUp(HomePageTest.java:31)
at com.crm.qa.testcases.HomePageTest.setUp(HomePageTest.java:31)
at com.crm.qa.testcases.HomePageTest.setUp(HomePageTest.java:31)
at com.crm.qa.testcases.HomePageTest.setUp(HomePageTest.java:31)
at com.crm.qa.testcases.HomePageTest.setUp(HomePageTest.java:31)
at com.crm.qa.testcases.HomePageTest.setUp(HomePageTest.java:31)
at com.crm.qa.testcases.HomePageTest.setUp(HomePageTest.java:31)
at com.crm.qa.testcases.HomePageTest.setUp(HomePageTest.java:31)
at com.crm.qa.testcases.HomePageTest.setUp(HomePageTest.java:31)
at com.crm.qa.testcases.HomePageTest.setUp(HomePageTest.java:31)
at com.crm.qa.testcases.HomePageTest.setUp(HomePageTest.java:31)
at com.crm.qa.testcases.HomePageTest.setUp(HomePageTest.java:31)
at com.crm.qa.testcases.HomePageTest.setUp(HomePageTest.java:31)
at com.crm.qa.testcases.HomePageTest.setUp(HomePageTest.java:31)
at com.crm.qa.testcases.HomePageTest.setUp(HomePageTest.java:31)
at com.crm.qa.testcases.HomePageTest.setUp(HomePageTest.java:31)
at com.crm.qa.testcases.HomePageTest.setUp(HomePageTest.java:31)
at com.crm.qa.testcases.HomePageTest.setUp(HomePageTest.java:31)
at com.crm.qa.testcases.HomePageTest.setUp(HomePageTest.java:31)
at com.crm.qa.testcases.HomePageTest.setUp(HomePageTest.java:31)
at com.crm.qa.testcases.HomePageTest.setUp(HomePageTest.java:31)
at com.crm.qa.testcases.HomePageTest.setUp(HomePageTest.java:31)
at com.crm.qa.testcases.HomePageTest.setUp(HomePageTest.java:31)
at com.crm.qa.testcases.HomePageTest.setUp(HomePageTest.java:31)
at com.crm.qa.testcases.HomePageTest.setUp(HomePageTest.java:31)
at com.crm.qa.testcases.HomePageTest.setUp(HomePageTest.java:31)
at com.crm.qa.testcases.HomePageTest.setUp(HomePageTest.java:31)
at com.crm.qa.testcases.HomePageTest.setUp(HomePageTest.java:31)
at com.crm.qa.testcases.HomePageTest.setUp(HomePageTest.java:31)
at com.crm.qa.testcases.HomePageTest.setUp(HomePageTest.java:31)
at com.crm.qa.testcases.HomePageTest.setUp(HomePageTest.java:31)
at com.crm.qa.testcases.HomePageTest.setUp(HomePageTest.java:31)
at com.crm.qa.testcases.HomePageTest.setUp(HomePageTest.java:31)
at com.crm.qa.testcases.HomePageTest.setUp(HomePageTest.java:31)
at com.crm.qa.testcases.HomePageTest.setUp(HomePageTest.java:31)
at com.crm.qa.testcases.HomePageTest.setUp(HomePageTest.java:31)
at com.crm.qa.testcases.HomePageTest.setUp(HomePageTest.java:31)
at com.crm.qa.testcases.HomePageTest.setUp(HomePageTest.java:31)
at com.crm.qa.testcases.HomePageTest.setUp(HomePageTest.java:31)
at com.crm.qa.testcases.HomePageTest.setUp(HomePageTest.java:31)
at com.crm.qa.testcases.HomePageTest.setUp(HomePageTest.java:31)
at com.crm.qa.testcases.HomePageTest.setUp(HomePageTest.java:31)
at com.crm.qa.testcases.HomePageTest.setUp(HomePageTest.java:31)
at com.crm.qa.testcases.HomePageTest.setUp(HomePageTest.java:31)
at com.crm.qa.testcases.HomePageTest.setUp(HomePageTest.java:31)
at com.crm.qa.testcases.HomePageTest.setUp(HomePageTest.java:31)
at com.crm.qa.testcases.HomePageTest.setUp(HomePageTest.java:31)
at com.crm.qa.testcases.HomePageTest.setUp(HomePageTest.java:31)
at com.crm.qa.testcases.HomePageTest.setUp(HomePageTest.java:31)
at com.crm.qa.testcases.HomePageTest.setUp(HomePageTest.java:31)
at com.crm.qa.testcases.HomePageTest.setUp(HomePageTest.java:31)
at com.crm.qa.testcases.HomePageTest.setUp(HomePageTest.java:31)
at com.crm.qa.testcases.HomePageTest.setUp(HomePageTest.java:31)
at com.crm.qa.testcases.HomePageTest.setUp(HomePageTest.java:31)
at com.crm.qa.testcases.HomePageTest.setUp(HomePageTest.java:31)
at com.crm.qa.testcases.HomePageTest.setUp(HomePageTest.java:31)
at com.crm.qa.testcases.HomePageTest.setUp(HomePageTest.java:31)
at com.crm.qa.testcases.HomePageTest.setUp(HomePageTest.java:31)
at com.crm.qa.testcases.HomePageTest.setUp(HomePageTest.java:31)
at com.crm.qa.testcases.HomePageTest.setUp(HomePageTest.java:31)
at com.crm.qa.testcases.HomePageTest.setUp(HomePageTest.java:31)
at com.crm.qa.testcases.HomePageTest.setUp(HomePageTest.java:31)
at com.crm.qa.testcases.HomePageTest.setUp(HomePageTest.java:31)
at com.crm.qa.testcases.HomePageTest.setUp(HomePageTest.java:31)
at com.crm.qa.testcases.HomePageTest.setUp(HomePageTest.java:31)
at com.crm.qa.testcases.HomePageTest.setUp(HomePageTest.java:31)
at com.crm.qa.testcases.HomePageTest.setUp(HomePageTest.java:31)
at com.crm.qa.testcases.HomePageTest.setUp(HomePageTest.java:31)
at com.crm.qa.testcases.HomePageTest.setUp(HomePageTest.java:31)
at com.crm.qa.testcases.HomePageTest.setUp(HomePageTest.java:31)
at com.crm.qa.testcases.HomePageTest.setUp(HomePageTest.java:31)
at com.crm.qa.testcases.HomePageTest.setUp(HomePageTest.java:31)
at com.crm.qa.testcases.HomePageTest.setUp(HomePageTest.java:31)
at com.crm.qa.testcases.HomePageTest.setUp(HomePageTest.java:31)
at com.crm.qa.testcases.HomePageTest.setUp(HomePageTest.java:31)
at com.crm.qa.testcases.HomePageTest.setUp(HomePageTest.java:31)
at com.crm.qa.testcases.HomePageTest.setUp(HomePageTest.java:31)
at com.crm.qa.testcases.HomePageTest.setUp(HomePageTest.java:31)
at com.crm.qa.testcases.HomePageTest.setUp(HomePageTest.java:31)
at com.crm.qa.testcases.HomePageTest.setUp(HomePageTest.java:31)
at com.crm.qa.testcases.HomePageTest.setUp(HomePageTest.java:31)
at com.crm.qa.testcases.HomePageTest.setUp(HomePageTest.java:31)
at com.crm.qa.testcases.HomePageTest.setUp(HomePageTest.java:31)
at com.crm.qa.testcases.HomePageTest.setUp(HomePageTest.java:31)
at com.crm.qa.testcases.HomePageTest.setUp(HomePageTest.java:31)
at com.crm.qa.testcases.HomePageTest.setUp(HomePageTest.java:31)
at com.crm.qa.testcases.HomePageTest.setUp(HomePageTest.java:31)
at com.crm.qa.testcases.HomePageTest.setUp(HomePageTest.java:31)
at com.crm.qa.testcases.HomePageTest.setUp(HomePageTest.java:31)
at com.crm.qa.testcases.HomePageTest.setUp(HomePageTest.java:31)
at com.crm.qa.testcases.HomePageTest.setUp(HomePageTest.java:31)
at com.crm.qa.testcases.HomePageTest.setUp(HomePageTest.java:31)
at com.crm.qa.testcases.HomePageTest.setUp(HomePageTest.java:31)
at com.crm.qa.testcases.HomePageTest.setUp(HomePageTest.java:31)
at com.crm.qa.testcases.HomePageTest.setUp(HomePageTest.java:31)
at com.crm.qa.testcases.HomePageTest.setUp(HomePageTest.java:31)
at com.crm.qa.testcases.HomePageTest.setUp(HomePageTest.java:31)
at com.crm.qa.testcases.HomePageTest.setUp(HomePageTest.java:31)
at com.crm.qa.testcases.HomePageTest.setUp(HomePageTest.java:31)
at com.crm.qa.testcases.HomePageTest.setUp(HomePageTest.java:31)
at com.crm.qa.testcases.HomePageTest.setUp(HomePageTest.java:31)
at com.crm.qa.testcases.HomePageTest.setUp(HomePageTest.java:31)
at com.crm.qa.testcases.HomePageTest.setUp(HomePageTest.java:31)
at com.crm.qa.testcases.HomePageTest.setUp(HomePageTest.java:31)
at com.crm.qa.testcases.HomePageTest.setUp(HomePageTest.java:31)
at com.crm.qa.testcases.HomePageTest.setUp(HomePageTest.java:31)
at com.crm.qa.testcases.HomePageTest.setUp(HomePageTest.java:31)
at com.crm.qa.testcases.HomePageTest.setUp(HomePageTest.java:31)
at com.crm.qa.testcases.HomePageTest.setUp(HomePageTest.java:31)
at com.crm.qa.testcases.HomePageTest.setUp(HomePageTest.java:31)
at com.crm.qa.testcases.HomePageTest.setUp(HomePageTest.java:31)
at com.crm.qa.testcases.HomePageTest.setUp(HomePageTest.java:31)
at com.crm.qa.testcases.HomePageTest.setUp(HomePageTest.java:31)
at com.crm.qa.testcases.HomePageTest.setUp(HomePageTest.java:31)
at com.crm.qa.testcases.HomePageTest.setUp(HomePageTest.java:31)
at com.crm.qa.testcases.HomePageTest.setUp(HomePageTest.java:31)
at com.crm.qa.testcases.HomePageTest.setUp(HomePageTest.java:31)
at com.crm.qa.testcases.HomePageTest.setUp(HomePageTest.java:31)
at com.crm.qa.testcases.HomePageTest.setUp(HomePageTest.java:31)
at com.crm.qa.testcases.HomePageTest.setUp(HomePageTest.java:31)
at com.crm.qa.testcases.HomePageTest.setUp(HomePageTest.java:31)
at com.crm.qa.testcases.HomePageTest.setUp(HomePageTest.java:31)
at com.crm.qa.testcases.HomePageTest.setUp(HomePageTest.java:31)
at com.crm.qa.testcases.HomePageTest.setUp(HomePageTest.java:31)
at com.crm.qa.testcases.HomePageTest.setUp(HomePageTest.java:31)
at com.crm.qa.testcases.HomePageTest.setUp(HomePageTest.java:31)
at com.crm.qa.testcases.HomePageTest.setUp(HomePageTest.java:31)
at com.crm.qa.testcases.HomePageTest.setUp(HomePageTest.java:31)
at com.crm.qa.testcases.HomePageTest.setUp(HomePageTest.java:31)
at com.crm.qa.testcases.HomePageTest.setUp(HomePageTest.java:31)
at com.crm.qa.testcases.HomePageTest.setUp(HomePageTest.java:31)
at com.crm.qa.testcases.HomePageTest.setUp(HomePageTest.java:31)
at com.crm.qa.testcases.HomePageTest.setUp(HomePageTest.java:31)
at com.crm.qa.testcases.HomePageTest.setUp(HomePageTest.java:31)
at com.crm.qa.testcases.HomePageTest.setUp(HomePageTest.java:31)
at com.crm.qa.testcases.HomePageTest.setUp(HomePageTest.java:31)
at com.crm.qa.testcases.HomePageTest.setUp(HomePageTest.java:31)
at com.crm.qa.testcases.HomePageTest.setUp(HomePageTest.java:31)
at com.crm.qa.testcases.HomePageTest.setUp(HomePageTest.java:31)
at com.crm.qa.testcases.HomePageTest.setUp(HomePageTest.java:31)
at com.crm.qa.testcases.HomePageTest.setUp(HomePageTest.java:31)
at com.crm.qa.testcases.HomePageTest.setUp(HomePageTest.java:31)
at com.crm.qa.testcases.HomePageTest.setUp(HomePageTest.java:31)
at com.crm.qa.testcases.HomePageTest.setUp(HomePageTest.java:31)
at com.crm.qa.testcases.HomePageTest.setUp(HomePageTest.java:31)
at com.crm.qa.testcases.HomePageTest.setUp(HomePageTest.java:31)
at com.crm.qa.testcases.HomePageTest.setUp(HomePageTest.java:31)
at com.crm.qa.testcases.HomePageTest.setUp(HomePageTest.java:31)
at com.crm.qa.testcases.HomePageTest.setUp(HomePageTest.java:31)
at com.crm.qa.testcases.HomePageTest.setUp(HomePageTest.java:31)
at com.crm.qa.testcases.HomePageTest.setUp(HomePageTest.java:31)
at com.crm.qa.testcases.HomePageTest.setUp(HomePageTest.java:31)
at com.crm.qa.testcases.HomePageTest.setUp(HomePageTest.java:31)
at com.crm.qa.testcases.HomePageTest.setUp(HomePageTest.java:31)
at com.crm.qa.testcases.HomePageTest.setUp(HomePageTest.java:31)
at com.crm.qa.testcases.HomePageTest.setUp(HomePageTest.java:31)
at com.crm.qa.testcases.HomePageTest.setUp(HomePageTest.java:31)
at com.crm.qa.testcases.HomePageTest.setUp(HomePageTest.java:31)
at com.crm.qa.testcases.HomePageTest.setUp(HomePageTest.java:31)
at com.crm.qa.testcases.HomePageTest.setUp(HomePageTest.java:31)
at com.crm.qa.testcases.HomePageTest.setUp(HomePageTest.java:31)
at com.crm.qa.testcases.HomePageTest.setUp(HomePageTest.java:31)
at com.crm.qa.testcases.HomePageTest.setUp(HomePageTest.java:31)
at com.crm.qa.testcases.HomePageTest.setUp(HomePageTest.java:31)
at com.crm.qa.testcases.HomePageTest.setUp(HomePageTest.java:31)
at com.crm.qa.testcases.HomePageTest.setUp(HomePageTest.java:31)
at com.crm.qa.testcases.HomePageTest.setUp(HomePageTest.java:31)
at com.crm.qa.testcases.HomePageTest.setUp(HomePageTest.java:31)
at com.crm.qa.testcases.HomePageTest.setUp(HomePageTest.java:31)
at com.crm.qa.testcases.HomePageTest.setUp(HomePageTest.java:31)
at com.crm.qa.testcases.HomePageTest.setUp(HomePageTest.java:31)
at com.crm.qa.testcases.HomePageTest.setUp(HomePageTest.java:31)
at com.crm.qa.testcases.HomePageTest.setUp(HomePageTest.java:31)
at com.crm.qa.testcases.HomePageTest.setUp(HomePageTest.java:31)
at com.crm.qa.testcases.HomePageTest.setUp(HomePageTest.java:31)
at com.crm.qa.testcases.HomePageTest.setUp(HomePageTest.java:31)
at com.crm.qa.testcases.HomePageTest.setUp(HomePageTest.java:31)
at com.crm.qa.testcases.HomePageTest.setUp(HomePageTest.java:31)
at com.crm.qa.testcases.HomePageTest.setUp(HomePageTest.java:31)
at com.crm.qa.testcases.HomePageTest.setUp(HomePageTest.java:31)
at com.crm.qa.testcases.HomePageTest.setUp(HomePageTest.java:31)
at com.crm.qa.testcases.HomePageTest.setUp(HomePageTest.java:31)
at com.crm.qa.testcases.HomePageTest.setUp(HomePageTest.java:31)
at com.crm.qa.testcases.HomePageTest.setUp(HomePageTest.java:31)
at com.crm.qa.testcases.HomePageTest.setUp(HomePageTest.java:31)
at com.crm.qa.testcases.HomePageTest.setUp(HomePageTest.java:31)
at com.crm.qa.testcases.HomePageTest.setUp(HomePageTest.java:31)
at com.crm.qa.testcases.HomePageTest.setUp(HomePageTest.java:31)
at com.crm.qa.testcases.HomePageTest.setUp(HomePageTest.java:31)
at com.crm.qa.testcases.HomePageTest.setUp(HomePageTest.java:31)
at com.crm.qa.testcases.HomePageTest.setUp(HomePageTest.java:31)
at com.crm.qa.testcases.HomePageTest.setUp(HomePageTest.java:31)
at com.crm.qa.testcases.HomePageTest.setUp(HomePageTest.java:31)
at com.crm.qa.testcases.HomePageTest.setUp(HomePageTest.java:31)
at com.crm.qa.testcases.HomePageTest.setUp(HomePageTest.java:31)
at com.crm.qa.testcases.HomePageTest.setUp(HomePageTest.java:31)
at com.crm.qa.testcases.HomePageTest.setUp(HomePageTest.java:31)
at com.crm.qa.testcases.HomePageTest.setUp(HomePageTest.java:31)
at com.crm.qa.testcases.HomePageTest.setUp(HomePageTest.java:31)
at com.crm.qa.testcases.HomePageTest.setUp(HomePageTest.java:31)
at com.crm.qa.testcases.HomePageTest.setUp(HomePageTest.java:31)
at com.crm.qa.testcases.HomePageTest.setUp(HomePageTest.java:31)
at com.crm.qa.testcases.HomePageTest.setUp(HomePageTest.java:31)
at com.crm.qa.testcases.HomePageTest.setUp(HomePageTest.java:31)
at com.crm.qa.testcases.HomePageTest.setUp(HomePageTest.java:31)
at com.crm.qa.testcases.HomePageTest.setUp(HomePageTest.java:31)
at com.crm.qa.testcases.HomePageTest.setUp(HomePageTest.java:31)
at com.crm.qa.testcases.HomePageTest.setUp(HomePageTest.java:31)
at com.crm.qa.testcases.HomePageTest.setUp(HomePageTest.java:31)
at com.crm.qa.testcases.HomePageTest.setUp(HomePageTest.java:31)
at com.crm.qa.testcases.HomePageTest.setUp(HomePageTest.java:31)
at com.crm.qa.testcases.HomePageTest.setUp(HomePageTest.java:31)
at com.crm.qa.testcases.HomePageTest.setUp(HomePageTest.java:31)
at com.crm.qa.testcases.HomePageTest.setUp(HomePageTest.java:31)
at com.crm.qa.testcases.HomePageTest.setUp(HomePageTest.java:31)
at com.crm.qa.testcases.HomePageTest.setUp(HomePageTest.java:31)
at com.crm.qa.testcases.HomePageTest.setUp(HomePageTest.java:31)
at com.crm.qa.testcases.HomePageTest.setUp(HomePageTest.java:31)
at com.crm.qa.testcases.HomePageTest.setUp(HomePageTest.java:31)
at com.crm.qa.testcases.HomePageTest.setUp(HomePageTest.java:31)
at com.crm.qa.testcases.HomePageTest.setUp(HomePageTest.java:31)
at com.crm.qa.testcases.HomePageTest.setUp(HomePageTest.java:31)
at com.crm.qa.testcases.HomePageTest.setUp(HomePageTest.java:31)
at com.crm.qa.testcases.HomePageTest.setUp(HomePageTest.java:31)
at com.crm.qa.testcases.HomePageTest.setUp(HomePageTest.java:31)
at com.crm.qa.testcases.HomePageTest.setUp(HomePageTest.java:31)
at com.crm.qa.testcases.HomePageTest.setUp(HomePageTest.java:31)
at com.crm.qa.testcases.HomePageTest.setUp(HomePageTest.java:31)
at com.crm.qa.testcases.HomePageTest.setUp(HomePageTest.java:31)
at com.crm.qa.testcases.HomePageTest.setUp(HomePageTest.java:31)
at com.crm.qa.testcases.HomePageTest.setUp(HomePageTest.java:31)
at com.crm.qa.testcases.HomePageTest.setUp(HomePageTest.java:31)
at com.crm.qa.testcases.HomePageTest.setUp(HomePageTest.java:31)
at com.crm.qa.testcases.HomePageTest.setUp(HomePageTest.java:31)
at com.crm.qa.testcases.HomePageTest.setUp(HomePageTest.java:31)
at com.crm.qa.testcases.HomePageTest.setUp(HomePageTest.java:31)
at com.crm.qa.testcases.HomePageTest.setUp(HomePageTest.java:31)
at com.crm.qa.testcases.HomePageTest.setUp(HomePageTest.java:31)
at com.crm.qa.testcases.HomePageTest.setUp(HomePageTest.java:31)
at com.crm.qa.testcases.HomePageTest.setUp(HomePageTest.java:31)
at com.crm.qa.testcases.HomePageTest.setUp(HomePageTest.java:31)
at com.crm.qa.testcases.HomePageTest.setUp(HomePageTest.java:31)
at com.crm.qa.testcases.HomePageTest.setUp(HomePageTest.java:31)
at com.crm.qa.testcases.HomePageTest.setUp(HomePageTest.java:31)
at com.crm.qa.testcases.HomePageTest.setUp(HomePageTest.java:31)
at com.crm.qa.testcases.HomePageTest.setUp(HomePageTest.java:31)
at com.crm.qa.testcases.HomePageTest.setUp(HomePageTest.java:31)
at com.crm.qa.testcases.HomePageTest.setUp(HomePageTest.java:31)
at com.crm.qa.testcases.HomePageTest.setUp(HomePageTest.java:31)
at com.crm.qa.testcases.HomePageTest.setUp(HomePageTest.java:31)
at com.crm.qa.testcases.HomePageTest.setUp(HomePageTest.java:31)
at com.crm.qa.testcases.HomePageTest.setUp(HomePageTest.java:31)
at com.crm.qa.testcases.HomePageTest.setUp(HomePageTest.java:31)
at com.crm.qa.testcases.HomePageTest.setUp(HomePageTest.java:31)
at com.crm.qa.testcases.HomePageTest.setUp(HomePageTest.java:31)
at com.crm.qa.testcases.HomePageTest.setUp(HomePageTest.java:31)
at com.crm.qa.testcases.HomePageTest.setUp(HomePageTest.java:31)
at com.crm.qa.testcases.HomePageTest.setUp(HomePageTest.java:31)
at com.crm.qa.testcases.HomePageTest.setUp(HomePageTest.java:31)
at com.crm.qa.testcases.HomePageTest.setUp(HomePageTest.java:31)
at com.crm.qa.testcases.HomePageTest.setUp(HomePageTest.java:31)
at com.crm.qa.testcases.HomePageTest.setUp(HomePageTest.java:31)
at com.crm.qa.testcases.HomePageTest.setUp(HomePageTest.java:31)
at com.crm.qa.testcases.HomePageTest.setUp(HomePageTest.java:31)
at com.crm.qa.testcases.HomePageTest.setUp(HomePageTest.java:31)
at com.crm.qa.testcases.HomePageTest.setUp(HomePageTest.java:31)
at com.crm.qa.testcases.HomePageTest.setUp(HomePageTest.java:31)
at com.crm.qa.testcases.HomePageTest.setUp(HomePageTest.java:31)
at com.crm.qa.testcases.HomePageTest.setUp(HomePageTest.java:31)
at com.crm.qa.testcases.HomePageTest.setUp(HomePageTest.java:31)
at com.crm.qa.testcases.HomePageTest.setUp(HomePageTest.java:31)
at com.crm.qa.testcases.HomePageTest.setUp(HomePageTest.java:31)
at com.crm.qa.testcases.HomePageTest.setUp(HomePageTest.java:31)
at com.crm.qa.testcases.HomePageTest.setUp(HomePageTest.java:31)
at com.crm.qa.testcases.HomePageTest.setUp(HomePageTest.java:31)
at com.crm.qa.testcases.HomePageTest.setUp(HomePageTest.java:31)
at com.crm.qa.testcases.HomePageTest.setUp(HomePageTest.java:31)
at com.crm.qa.testcases.HomePageTest.setUp(HomePageTest.java:31)
at com.crm.qa.testcases.HomePageTest.setUp(HomePageTest.java:31)
at com.crm.qa.testcases.HomePageTest.setUp(HomePageTest.java:31)
at com.crm.qa.testcases.HomePageTest.setUp(HomePageTest.java:31)
at com.crm.qa.testcases.HomePageTest.setUp(HomePageTest.java:31)
at com.crm.qa.testcases.HomePageTest.setUp(HomePageTest.java:31)
at com.crm.qa.testcases.HomePageTest.setUp(HomePageTest.java:31)
at com.crm.qa.testcases.HomePageTest.setUp(HomePageTest.java:31)
at com.crm.qa.testcases.HomePageTest.setUp(HomePageTest.java:31)
at com.crm.qa.testcases.HomePageTest.setUp(HomePageTest.java:31)
at com.crm.qa.testcases.HomePageTest.setUp(HomePageTest.java:31)
at com.crm.qa.testcases.HomePageTest.setUp(HomePageTest.java:31)
at com.crm.qa.testcases.HomePageTest.setUp(HomePageTest.java:31)
at com.crm.qa.testcases.HomePageTest.setUp(HomePageTest.java:31)
at com.crm.qa.testcases.HomePageTest.setUp(HomePageTest.java:31)
at com.crm.qa.testcases.HomePageTest.setUp(HomePageTest.java:31)
at com.crm.qa.testcases.HomePageTest.setUp(HomePageTest.java:31)
at com.crm.qa.testcases.HomePageTest.setUp(HomePageTest.java:31)
at com.crm.qa.testcases.HomePageTest.setUp(HomePageTest.java:31)
at com.crm.qa.testcases.HomePageTest.setUp(HomePageTest.java:31)
at com.crm.qa.testcases.HomePageTest.setUp(HomePageTest.java:31)
at com.crm.qa.testcases.HomePageTest.setUp(HomePageTest.java:31)
at com.crm.qa.testcases.HomePageTest.setUp(HomePageTest.java:31)
at com.crm.qa.testcases.HomePageTest.setUp(HomePageTest.java:31)
at com.crm.qa.testcases.HomePageTest.setUp(HomePageTest.java:31)
at com.crm.qa.testcases.HomePageTest.setUp(HomePageTest.java:31)
at com.crm.qa.testcases.HomePageTest.setUp(HomePageTest.java:31)
at com.crm.qa.testcases.HomePageTest.setUp(HomePageTest.java:31)
at com.crm.qa.testcases.HomePageTest.setUp(HomePageTest.java:31)
at com.crm.qa.testcases.HomePageTest.setUp(HomePageTest.java:31)
at com.crm.qa.testcases.HomePageTest.setUp(HomePageTest.java:31)
at com.crm.qa.testcases.HomePageTest.setUp(HomePageTest.java:31)
at com.crm.qa.testcases.HomePageTest.setUp(HomePageTest.java:31)
at com.crm.qa.testcases.HomePageTest.setUp(HomePageTest.java:31)
at com.crm.qa.testcases.HomePageTest.setUp(HomePageTest.java:31)
at com.crm.qa.testcases.HomePageTest.setUp(HomePageTest.java:31)
at com.crm.qa.testcases.HomePageTest.setUp(HomePageTest.java:31)
at com.crm.qa.testcases.HomePageTest.setUp(HomePageTest.java:31)
at com.crm.qa.testcases.HomePageTest.setUp(HomePageTest.java:31)
at com.crm.qa.testcases.HomePageTest.setUp(HomePageTest.java:31)
at com.crm.qa.testcases.HomePageTest.setUp(HomePageTest.java:31)
at com.crm.qa.testcases.HomePageTest.setUp(HomePageTest.java:31)
at com.crm.qa.testcases.HomePageTest.setUp(HomePageTest.java:31)
at com.crm.qa.testcases.HomePageTest.setUp(HomePageTest.java:31)
at com.crm.qa.testcases.HomePageTest.setUp(HomePageTest.java:31)
at com.crm.qa.testcases.HomePageTest.setUp(HomePageTest.java:31)
at com.crm.qa.testcases.HomePageTest.setUp(HomePageTest.java:31)
at com.crm.qa.testcases.HomePageTest.setUp(HomePageTest.java:31)
at com.crm.qa.testcases.HomePageTest.setUp(HomePageTest.java:31)
at com.crm.qa.testcases.HomePageTest.setUp(HomePageTest.java:31)
at com.crm.qa.testcases.HomePageTest.setUp(HomePageTest.java:31)
at com.crm.qa.testcases.HomePageTest.setUp(HomePageTest.java:31)
at com.crm.qa.testcases.HomePageTest.setUp(HomePageTest.java:31)
at com.crm.qa.testcases.HomePageTest.setUp(HomePageTest.java:31)
at com.crm.qa.testcases.HomePageTest.setUp(HomePageTest.java:31)
at com.crm.qa.testcases.HomePageTest.setUp(HomePageTest.java:31)
at com.crm.qa.testcases.HomePageTest.setUp(HomePageTest.java:31)
at com.crm.qa.testcases.HomePageTest.setUp(HomePageTest.java:31)
at com.crm.qa.testcases.HomePageTest.setUp(HomePageTest.java:31)
at com.crm.qa.testcases.HomePageTest.setUp(HomePageTest.java:31)
at com.crm.qa.testcases.HomePageTest.setUp(HomePageTest.java:31)
at com.crm.qa.testcases.HomePageTest.setUp(HomePageTest.java:31)
at com.crm.qa.testcases.HomePageTest.setUp(HomePageTest.java:31)
at com.crm.qa.testcases.HomePageTest.setUp(HomePageTest.java:31)
at com.crm.qa.testcases.HomePageTest.setUp(HomePageTest.java:31)
at com.crm.qa.testcases.HomePageTest.setUp(HomePageTest.java:31)
at com.crm.qa.testcases.HomePageTest.setUp(HomePageTest.java:31)
at com.crm.qa.testcases.HomePageTest.setUp(HomePageTest.java:31)
at com.crm.qa.testcases.HomePageTest.setUp(HomePageTest.java:31)
at com.crm.qa.testcases.HomePageTest.setUp(HomePageTest.java:31)
at com.crm.qa.testcases.HomePageTest.setUp(HomePageTest.java:31)
at com.crm.qa.testcases.HomePageTest.setUp(HomePageTest.java:31)
at com.crm.qa.testcases.HomePageTest.setUp(HomePageTest.java:31)
at com.crm.qa.testcases.HomePageTest.setUp(HomePageTest.java:31)
at com.crm.qa.testcases.HomePageTest.setUp(HomePageTest.java:31)
at com.crm.qa.testcases.HomePageTest.setUp(HomePageTest.java:31)
at com.crm.qa.testcases.HomePageTest.setUp(HomePageTest.java:31)
at com.crm.qa.testcases.HomePageTest.setUp(HomePageTest.java:31)
at com.crm.qa.testcases.HomePageTest.setUp(HomePageTest.java:31)
at com.crm.qa.testcases.HomePageTest.setUp(HomePageTest.java:31)
at com.crm.qa.testcases.HomePageTest.setUp(HomePageTest.java:31)
at com.crm.qa.testcases.HomePageTest.setUp(HomePageTest.java:31)
at com.crm.qa.testcases.HomePageTest.setUp(HomePageTest.java:31)
at com.crm.qa.testcases.HomePageTest.setUp(HomePageTest.java:31)
at com.crm.qa.testcases.HomePageTest.setUp(HomePageTest.java:31)
at com.crm.qa.testcases.HomePageTest.setUp(HomePageTest.java:31)
at com.crm.qa.testcases.HomePageTest.setUp(HomePageTest.java:31)
at com.crm.qa.testcases.HomePageTest.setUp(HomePageTest.java:31)
at com.crm.qa.testcases.HomePageTest.setUp(HomePageTest.java:31)
at com.crm.qa.testcases.HomePageTest.setUp(HomePageTest.java:31)
at com.crm.qa.testcases.HomePageTest.setUp(HomePageTest.java:31)
at com.crm.qa.testcases.HomePageTest.setUp(HomePageTest.java:31)
at com.crm.qa.testcases.HomePageTest.setUp(HomePageTest.java:31)
at com.crm.qa.testcases.HomePageTest.setUp(HomePageTest.java:31)
at com.crm.qa.testcases.HomePageTest.setUp(HomePageTest.java:31)
at com.crm.qa.testcases.HomePageTest.setUp(HomePageTest.java:31)
at com.crm.qa.testcases.HomePageTest.setUp(HomePageTest.java:31)
at com.crm.qa.testcases.HomePageTest.setUp(HomePageTest.java:31)
at com.crm.qa.testcases.HomePageTest.setUp(HomePageTest.java:31)
at com.crm.qa.testcases.HomePageTest.setUp(HomePageTest.java:31)
at com.crm.qa.testcases.HomePageTest.setUp(HomePageTest.java:31)
at com.crm.qa.testcases.HomePageTest.setUp(HomePageTest.java:31)
at com.crm.qa.testcases.HomePageTest.setUp(HomePageTest.java:31)
at com.crm.qa.testcases.HomePageTest.setUp(HomePageTest.java:31)
at com.crm.qa.testcases.HomePageTest.setUp(HomePageTest.java:31)
at com.crm.qa.testcases.HomePageTest.setUp(HomePageTest.java:31)
at com.crm.qa.testcases.HomePageTest.setUp(HomePageTest.java:31)
at com.crm.qa.testcases.HomePageTest.setUp(HomePageTest.java:31)
at com.crm.qa.testcases.HomePageTest.setUp(HomePageTest.java:31)
at com.crm.qa.testcases.HomePageTest.setUp(HomePageTest.java:31)
at com.crm.qa.testcases.HomePageTest.setUp(HomePageTest.java:31)
at com.crm.qa.testcases.HomePageTest.setUp(HomePageTest.java:31)
at com.crm.qa.testcases.HomePageTest.setUp(HomePageTest.java:31)
at com.crm.qa.testcases.HomePageTest.setUp(HomePageTest.java:31)
at com.crm.qa.testcases.HomePageTest.setUp(HomePageTest.java:31)
at com.crm.qa.testcases.HomePageTest.setUp(HomePageTest.java:31)
at com.crm.qa.testcases.HomePageTest.setUp(HomePageTest.java:31)
at com.crm.qa.testcases.HomePageTest.setUp(HomePageTest.java:31)
at com.crm.qa.testcases.HomePageTest.setUp(HomePageTest.java:31)
at com.crm.qa.testcases.HomePageTest.setUp(HomePageTest.java:31)
at com.crm.qa.testcases.HomePageTest.setUp(HomePageTest.java:31)
at com.crm.qa.testcases.HomePageTest.setUp(HomePageTest.java:31)
at com.crm.qa.testcases.HomePageTest.setUp(HomePageTest.java:31)
at com.crm.qa.testcases.HomePageTest.setUp(HomePageTest.java:31)
at com.crm.qa.testcases.HomePageTest.setUp(HomePageTest.java:31)
at com.crm.qa.testcases.HomePageTest.setUp(HomePageTest.java:31)
at com.crm.qa.testcases.HomePageTest.setUp(HomePageTest.java:31)
at com.crm.qa.testcases.HomePageTest.setUp(HomePageTest.java:31)
at com.crm.qa.testcases.HomePageTest.setUp(HomePageTest.java:31)
at com.crm.qa.testcases.HomePageTest.setUp(HomePageTest.java:31)
at com.crm.qa.testcases.HomePageTest.setUp(HomePageTest.java:31)
at com.crm.qa.testcases.HomePageTest.setUp(HomePageTest.java:31)
at com.crm.qa.testcases.HomePageTest.setUp(HomePageTest.java:31)
at com.crm.qa.testcases.HomePageTest.setUp(HomePageTest.java:31)
at com.crm.qa.testcases.HomePageTest.setUp(HomePageTest.java:31)
at com.crm.qa.testcases.HomePageTest.setUp(HomePageTest.java:31)
at com.crm.qa.testcases.HomePageTest.setUp(HomePageTest.java:31)
at com.crm.qa.testcases.HomePageTest.setUp(HomePageTest.java:31)
at com.crm.qa.testcases.HomePageTest.setUp(HomePageTest.java:31)
at com.crm.qa.testcases.HomePageTest.setUp(HomePageTest.java:31)
at com.crm.qa.testcases.HomePageTest.setUp(HomePageTest.java:31)
at com.crm.qa.testcases.HomePageTest.setUp(HomePageTest.java:31)
at com.crm.qa.testcases.HomePageTest.setUp(HomePageTest.java:31)
at com.crm.qa.testcases.HomePageTest.setUp(HomePageTest.java:31)
at com.crm.qa.testcases.HomePageTest.setUp(HomePageTest.java:31)
at com.crm.qa.testcases.HomePageTest.setUp(HomePageTest.java:31)
at com.crm.qa.testcases.HomePageTest.setUp(HomePageTest.java:31)
at com.crm.qa.testcases.HomePageTest.setUp(HomePageTest.java:31)
at com.crm.qa.testcases.HomePageTest.setUp(HomePageTest.java:31)
at com.crm.qa.testcases.HomePageTest.setUp(HomePageTest.java:31)
at com.crm.qa.testcases.HomePageTest.setUp(HomePageTest.java:31)
at com.crm.qa.testcases.HomePageTest.setUp(HomePageTest.java:31)
at com.crm.qa.testcases.HomePageTest.setUp(HomePageTest.java:31)
at com.crm.qa.testcases.HomePageTest.setUp(HomePageTest.java:31)
at com.crm.qa.testcases.HomePageTest.setUp(HomePageTest.java:31)
at com.crm.qa.testcases.HomePageTest.setUp(HomePageTest.java:31)
at com.crm.qa.testcases.HomePageTest.setUp(HomePageTest.java:31)
at com.crm.qa.testcases.HomePageTest.setUp(HomePageTest.java:31)
at com.crm.qa.testcases.HomePageTest.setUp(HomePageTest.java:31)
at com.crm.qa.testcases.HomePageTest.setUp(HomePageTest.java:31)
at com.crm.qa.testcases.HomePageTest.setUp(HomePageTest.java:31)
at com.crm.qa.testcases.HomePageTest.setUp(HomePageTest.java:31)
at com.crm.qa.testcases.HomePageTest.setUp(HomePageTest.java:31)
at com.crm.qa.testcases.HomePageTest.setUp(HomePageTest.java:31)
at com.crm.qa.testcases.HomePageTest.setUp(HomePageTest.java:31)
at com.crm.qa.testcases.HomePageTest.setUp(HomePageTest.java:31)
at com.crm.qa.testcases.HomePageTest.setUp(HomePageTest.java:31)
at com.crm.qa.testcases.HomePageTest.setUp(HomePageTest.java:31)
at com.crm.qa.testcases.HomePageTest.setUp(HomePageTest.java:31)
at com.crm.qa.testcases.HomePageTest.setUp(HomePageTest.java:31)
at com.crm.qa.testcases.HomePageTest.setUp(HomePageTest.java:31)
at com.crm.qa.testcases.HomePageTest.setUp(HomePageTest.java:31)
at com.crm.qa.testcases.HomePageTest.setUp(HomePageTest.java:31)
at com.crm.qa.testcases.HomePageTest.setUp(HomePageTest.java:31)
at com.crm.qa.testcases.HomePageTest.setUp(HomePageTest.java:31)
at com.crm.qa.testcases.HomePageTest.setUp(HomePageTest.java:31)
at com.crm.qa.testcases.HomePageTest.setUp(HomePageTest.java:31)
at com.crm.qa.testcases.HomePageTest.setUp(HomePageTest.java:31)
at com.crm.qa.testcases.HomePageTest.setUp(HomePageTest.java:31)
at com.crm.qa.testcases.HomePageTest.setUp(HomePageTest.java:31)
at com.crm.qa.testcases.HomePageTest.setUp(HomePageTest.java:31)
at com.crm.qa.testcases.HomePageTest.setUp(HomePageTest.java:31)
at com.crm.qa.testcases.HomePageTest.setUp(HomePageTest.java:31)
at com.crm.qa.testcases.HomePageTest.setUp(HomePageTest.java:31)
at com.crm.qa.testcases.HomePageTest.setUp(HomePageTest.java:31)
at com.crm.qa.testcases.HomePageTest.setUp(HomePageTest.java:31)
at com.crm.qa.testcases.HomePageTest.setUp(HomePageTest.java:31)
at com.crm.qa.testcases.HomePageTest.setUp(HomePageTest.java:31)
at com.crm.qa.testcases.HomePageTest.setUp(HomePageTest.java:31)
at com.crm.qa.testcases.HomePageTest.setUp(HomePageTest.java:31)
at com.crm.qa.testcases.HomePageTest.setUp(HomePageTest.java:31)
at com.crm.qa.testcases.HomePageTest.setUp(HomePageTest.java:31)
at com.crm.qa.testcases.HomePageTest.setUp(HomePageTest.java:31)
at com.crm.qa.testcases.HomePageTest.setUp(HomePageTest.java:31)
at com.crm.qa.testcases.HomePageTest.setUp(HomePageTest.java:31)
at com.crm.qa.testcases.HomePageTest.setUp(HomePageTest.java:31)
at com.crm.qa.testcases.HomePageTest.setUp(HomePageTest.java:31)
at com.crm.qa.testcases.HomePageTest.setUp(HomePageTest.java:31)
at com.crm.qa.testcases.HomePageTest.setUp(HomePageTest.java:31)
at com.crm.qa.testcases.HomePageTest.setUp(HomePageTest.java:31)
at com.crm.qa.testcases.HomePageTest.setUp(HomePageTest.java:31)
at com.crm.qa.testcases.HomePageTest.setUp(HomePageTest.java:31)
at com.crm.qa.testcases.HomePageTest.setUp(HomePageTest.java:31)
at com.crm.qa.testcases.HomePageTest.setUp(HomePageTest.java:31)
at com.crm.qa.testcases.HomePageTest.setUp(HomePageTest.java:31)
at com.crm.qa.testcases.HomePageTest.setUp(HomePageTest.java:31)
at com.crm.qa.testcases.HomePageTest.setUp(HomePageTest.java:31)
at com.crm.qa.testcases.HomePageTest.setUp(HomePageTest.java:31)
at com.crm.qa.testcases.HomePageTest.setUp(HomePageTest.java:31)
at com.crm.qa.testcases.HomePageTest.setUp(HomePageTest.java:31)
at com.crm.qa.testcases.HomePageTest.setUp(HomePageTest.java:31)
at com.crm.qa.testcases.HomePageTest.setUp(HomePageTest.java:31)
at com.crm.qa.testcases.HomePageTest.setUp(HomePageTest.java:31)
at com.crm.qa.testcases.HomePageTest.setUp(HomePageTest.java:31)
at com.crm.qa.testcases.HomePageTest.setUp(HomePageTest.java:31)
at com.crm.qa.testcases.HomePageTest.setUp(HomePageTest.java:31)
at com.crm.qa.testcases.HomePageTest.setUp(HomePageTest.java:31)
at com.crm.qa.testcases.HomePageTest.setUp(HomePageTest.java:31)
at com.crm.qa.testcases.HomePageTest.setUp(HomePageTest.java:31)
at com.crm.qa.testcases.HomePageTest.setUp(HomePageTest.java:31)
at com.crm.qa.testcases.HomePageTest.setUp(HomePageTest.java:31)
at com.crm.qa.testcases.HomePageTest.setUp(HomePageTest.java:31)
at com.crm.qa.testcases.HomePageTest.setUp(HomePageTest.java:31)
at com.crm.qa.testcases.HomePageTest.setUp(HomePageTest.java:31)
at com.crm.qa.testcases.HomePageTest.setUp(HomePageTest.java:31)
at com.crm.qa.testcases.HomePageTest.setUp(HomePageTest.java:31)
at com.crm.qa.testcases.HomePageTest.setUp(HomePageTest.java:31)
at com.crm.qa.testcases.HomePageTest.setUp(HomePageTest.java:31)
at com.crm.qa.testcases.HomePageTest.setUp(HomePageTest.java:31)
at com.crm.qa.testcases.HomePageTest.setUp(HomePageTest.java:31)
at com.crm.qa.testcases.HomePageTest.setUp(HomePageTest.java:31)
at com.crm.qa.testcases.HomePageTest.setUp(HomePageTest.java:31)
at com.crm.qa.testcases.HomePageTest.setUp(HomePageTest.java:31)
at com.crm.qa.testcases.HomePageTest.setUp(HomePageTest.java:31)
at com.crm.qa.testcases.HomePageTest.setUp(HomePageTest.java:31)
at com.crm.qa.testcases.HomePageTest.setUp(HomePageTest.java:31)
at com.crm.qa.testcases.HomePageTest.setUp(HomePageTest.java:31)
at com.crm.qa.testcases.HomePageTest.setUp(HomePageTest.java:31)
at com.crm.qa.testcases.HomePageTest.setUp(HomePageTest.java:31)
at com.crm.qa.testcases.HomePageTest.setUp(HomePageTest.java:31)
at com.crm.qa.testcases.HomePageTest.setUp(HomePageTest.java:31)
at com.crm.qa.testcases.HomePageTest.setUp(HomePageTest.java:31)
at com.crm.qa.testcases.HomePageTest.setUp(HomePageTest.java:31)
at com.crm.qa.testcases.HomePageTest.setUp(HomePageTest.java:31)
at com.crm.qa.testcases.HomePageTest.setUp(HomePageTest.java:31)
at com.crm.qa.testcases.HomePageTest.setUp(HomePageTest.java:31)
at com.crm.qa.testcases.HomePageTest.setUp(HomePageTest.java:31)
at com.crm.qa.testcases.HomePageTest.setUp(HomePageTest.java:31)
at com.crm.qa.testcases.HomePageTest.setUp(HomePageTest.java:31)
at com.crm.qa.testcases.HomePageTest.setUp(HomePageTest.java:31)
at com.crm.qa.testcases.HomePageTest.setUp(HomePageTest.java:31)
at com.crm.qa.testcases.HomePageTest.setUp(HomePageTest.java:31)
at com.crm.qa.testcases.HomePageTest.setUp(HomePageTest.java:31)
at com.crm.qa.testcases.HomePageTest.setUp(HomePageTest.java:31)
at com.crm.qa.testcases.HomePageTest.setUp(HomePageTest.java:31)
at com.crm.qa.testcases.HomePageTest.setUp(HomePageTest.java:31)
at com.crm.qa.testcases.HomePageTest.setUp(HomePageTest.java:31)
at com.crm.qa.testcases.HomePageTest.setUp(HomePageTest.java:31)
at com.crm.qa.testcases.HomePageTest.setUp(HomePageTest.java:31)
at com.crm.qa.testcases.HomePageTest.setUp(HomePageTest.java:31)
at com.crm.qa.testcases.HomePageTest.setUp(HomePageTest.java:31)
at com.crm.qa.testcases.HomePageTest.setUp(HomePageTest.java:31)
at com.crm.qa.testcases.HomePageTest.setUp(HomePageTest.java:31)
at com.crm.qa.testcases.HomePageTest.setUp(HomePageTest.java:31)
at com.crm.qa.testcases.HomePageTest.setUp(HomePageTest.java:31)
at com.crm.qa.testcases.HomePageTest.setUp(HomePageTest.java:31)
at com.crm.qa.testcases.HomePageTest.setUp(HomePageTest.java:31)
at com.crm.qa.testcases.HomePageTest.setUp(HomePageTest.java:31)
at com.crm.qa.testcases.HomePageTest.setUp(HomePageTest.java:31)
at com.crm.qa.testcases.HomePageTest.setUp(HomePageTest.java:31)
at com.crm.qa.testcases.HomePageTest.setUp(HomePageTest.java:31)
at com.crm.qa.testcases.HomePageTest.setUp(HomePageTest.java:31)
at com.crm.qa.testcases.HomePageTest.setUp(HomePageTest.java:31)
at com.crm.qa.testcases.HomePageTest.setUp(HomePageTest.java:31)
at com.crm.qa.testcases.HomePageTest.setUp(HomePageTest.java:31)
at com.crm.qa.testcases.HomePageTest.setUp(HomePageTest.java:31)
at com.crm.qa.testcases.HomePageTest.setUp(HomePageTest.java:31)
at com.crm.qa.testcases.HomePageTest.setUp(HomePageTest.java:31)
at com.crm.qa.testcases.HomePageTest.setUp(HomePageTest.java:31)
at com.crm.qa.testcases.HomePageTest.setUp(HomePageTest.java:31)
at com.crm.qa.testcases.HomePageTest.setUp(HomePageTest.java:31)
at com.crm.qa.testcases.HomePageTest.setUp(HomePageTest.java:31)
at com.crm.qa.testcases.HomePageTest.setUp(HomePageTest.java:31)
at com.crm.qa.testcases.HomePageTest.setUp(HomePageTest.java:31)
at com.crm.qa.testcases.HomePageTest.setUp(HomePageTest.java:31)
at com.crm.qa.testcases.HomePageTest.setUp(HomePageTest.java:31)
at com.crm.qa.testcases.HomePageTest.setUp(HomePageTest.java:31)
at com.crm.qa.testcases.HomePageTest.setUp(HomePageTest.java:31)
at com.crm.qa.testcases.HomePageTest.setUp(HomePageTest.java:31)
at com.crm.qa.testcases.HomePageTest.setUp(HomePageTest.java:31)
at com.crm.qa.testcases.HomePageTest.setUp(HomePageTest.java:31)
at com.crm.qa.testcases.HomePageTest.setUp(HomePageTest.java:31)
at com.crm.qa.testcases.HomePageTest.setUp(HomePageTest.java:31)
at com.crm.qa.testcases.HomePageTest.setUp(HomePageTest.java:31)
at com.crm.qa.testcases.HomePageTest.setUp(HomePageTest.java:31)
at com.crm.qa.testcases.HomePageTest.setUp(HomePageTest.java:31)
at com.crm.qa.testcases.HomePageTest.setUp(HomePageTest.java:31)
at com.crm.qa.testcases.HomePageTest.setUp(HomePageTest.java:31)
at com.crm.qa.testcases.HomePageTest.setUp(HomePageTest.java:31)
at com.crm.qa.testcases.HomePageTest.setUp(HomePageTest.java:31)
at com.crm.qa.testcases.HomePageTest.setUp(HomePageTest.java:31)
at com.crm.qa.testcases.HomePageTest.setUp(HomePageTest.java:31)
at com.crm.qa.testcases.HomePageTest.setUp(HomePageTest.java:31)
at com.crm.qa.testcases.HomePageTest.setUp(HomePageTest.java:31)
at com.crm.qa.testcases.HomePageTest.setUp(HomePageTest.java:31)
at com.crm.qa.testcases.HomePageTest.setUp(HomePageTest.java:31)
at com.crm.qa.testcases.HomePageTest.setUp(HomePageTest.java:31)
at com.crm.qa.testcases.HomePageTest.setUp(HomePageTest.java:31)
at com.crm.qa.testcases.HomePageTest.setUp(HomePageTest.java:31)
at com.crm.qa.testcases.HomePageTest.setUp(HomePageTest.java:31)
at com.crm.qa.testcases.HomePageTest.setUp(HomePageTest.java:31)
at com.crm.qa.testcases.HomePageTest.setUp(HomePageTest.java:31)
at com.crm.qa.testcases.HomePageTest.setUp(HomePageTest.java:31)
at com.crm.qa.testcases.HomePageTest.setUp(HomePageTest.java:31)
at com.crm.qa.testcases.HomePageTest.setUp(HomePageTest.java:31)
]]>
    </error>
  </testcase> <!-- setUp -->
  <system-out/>
  <testcase name="verifyHomePageTitleTest" time="0.000" classname="com.crm.qa.testcases.HomePageTest">
    <skipped/>
  </testcase> <!-- verifyHomePageTitleTest -->
  <system-out/>
</testsuite> <!-- com.crm.qa.testcases.HomePageTest -->
